892dba73-6052-43b9-a1a2-c9e0887bc712	POST /api/v1/book/    2023/03/01 08:14:18 
c3e01e20-6b18-48f9-98ca-87904714eeeb	POST /api/v1/book/    2023/03/01 08:16:13 
8e94dd98-9fb6-48de-b0c8-ae0cc5b53d91	POST /api/v1/user/login    2023/03/01 08:17:29 
7e0c847d-7809-4b4f-97e9-afc8b672ba43	POST /api/v1/book/    2023/03/01 08:18:36 
5e8afe65-d03b-4bf5-9de9-8d4d9a4ea6f3	POST /api/v1/book/    2023/03/01 08:20:31 
bc3459a5-d591-4430-8817-00579ae9c5ae	POST /api/v1/book/    2023/03/01 08:22:49 
39a2e87d-ff9a-43d8-8dc5-063fda5a1868	POST /api/v1/book/    2023/03/01 08:27:20 
260b9894-3e0c-4aed-9b2b-411906eacd4a	POST /api/v1/user/login    2023/03/01 08:33:02 
25444994-2185-4315-a629-39356a7ae215	POST /api/v1/user/register    2023/03/01 08:33:09 
320c401f-71db-48d3-ad11-79b8279649f5	POST /api/v1/user/register    2023/03/01 08:41:32 
38a377e3-0019-48d1-8ac3-96e5132f1a87	POST /api/v1/user/register    2023/03/01 08:42:12 
568c8b16-1bc2-4b7b-bb88-5e552d9f8ec9	POST /api/v1/user/register    2023/03/01 08:42:23 
9d83fdc4-b4df-4fc2-8710-a3d9f51ec907	POST /api/v1/user/login    2023/03/01 08:42:29 
a8368f5c-c4d2-455d-8d96-7e15f337ebc8	POST /api/v1/user/register    2023/03/01 08:42:49 
f7e3b17e-3951-4ec4-9363-880b0e97d5c4	POST /api/v1/user/register    2023/03/01 08:45:41 
dbec9b63-76fc-4394-82c9-d0398c48e590	POST /api/v1/user/register    2023/03/01 08:57:29 
0beecee3-074f-4e56-beb4-5b5ccad05f28	POST /api/v1/user/register    2023/03/01 08:58:44 
29f1d744-caa6-40fb-8940-47e919ffdab6	POST /api/v1/user/register    2023/03/01 09:06:09 
64b269f0-a098-4ca5-83b2-95cc7c3c4e6e	POST /api/v1/user/register    2023/03/01 09:10:54 
81b921ae-138a-4247-925d-191043017297	POST /api/v1/user/register    2023/03/01 09:11:09 
3e350397-be73-4be2-8b7c-4d2b57ba780b	POST /api/v1/user/register    2023/03/01 09:11:16 
0ee3ed1e-ed65-4fd2-a3fc-89a359c7a579	POST /api/v1/user/register    2023/03/01 09:11:27 
83160e74-c90e-4f3f-84b3-246bc061eab4	POST /api/v1/user/register    2023/03/01 09:21:00 
04ac71d7-4304-4901-8956-05f0709441fd	POST /api/v1/user/register    2023/03/01 09:21:11 
5d3e3b3a-e882-4b26-983b-111277b7e2b8	POST /api/v1/user/login    2023/03/01 09:27:44 
fb042799-bbcf-466b-8cab-3d9ee3a33df9	POST /api/v1/user/register    2023/03/01 09:34:11 
03736c9e-110b-46a0-b5a5-8b8c51708351	POST /api/v1/user/register    2023/03/01 09:35:16 
e4cdf58d-7ce7-4faf-9835-5b778712c557	POST /api/v1/user/register    2023/03/01 09:35:37 
5b46718a-86cd-4c18-84ce-0efe2958ae69	POST /api/v1/user/register    2023/03/01 09:35:43 
7365b65d-4f6e-48ff-8d6d-23e1e69825bb	POST /api/v1/user/register    2023/03/01 09:37:19 
d36499ad-3143-41c7-abd3-97f453e9b238	POST /api/v1/user/register    2023/03/01 09:38:28 
016bfc13-08e8-4ef2-912e-b7eab875947e	POST /api/v1/book/    2023/03/01 10:10:07 
9785f95f-1849-45a0-a8fc-107870e575a4	POST /api/v1/book/    2023/03/01 10:14:46 
59194b90-7a56-41f4-97b1-8596757078bc	POST /api/v1/book/    2023/03/01 10:19:57 
58f332ce-e8bd-4b30-bc04-a6f9902873b3	POST /api/v1/book/    2023/03/01 15:05:20 
8bc0c0df-cf90-49cd-a532-5dffe2cb8850	POST /api/v1/book/    2023/03/01 15:08:58 
6c2d89ac-e4b6-4a22-a993-bbbff7195570	POST /api/v1/book/    2023/03/01 15:13:41 
7b105f73-294f-407c-81cb-bbc0167110ea	POST /api/v1/book/    2023/03/01 15:17:23 
56144dca-167a-44a9-b1fe-b315b460b973	POST /api/v1/book/    2023/03/01 15:19:27 
7f75d213-a208-47c7-aae0-39082fd8ba74	POST /api/v1/user/login    2023/03/01 15:19:38 
a85a3524-b02f-4729-989d-79ca67d8bee9	POST /api/v1/user/register    2023/03/01 15:19:44 
e0aebff7-2a5e-4bfe-8956-8f717ee32454	POST /api/v1/user/register    2023/03/01 15:19:49 
52b20937-1a52-448f-8ece-60a6c8589e4d	POST /api/v1/user/login    2023/03/01 15:20:19 
87183975-0159-4ac7-9e96-0491b55f66d7	POST /api/v1/user/login    2023/03/01 15:20:32 
c8fadb69-3eda-46e0-9061-1d6597d8f697	POST /api/v1/book/    2023/03/01 15:20:46 
641fbc03-86e0-4ae0-8063-055dfb1c633e	POST /api/v1/book/    2023/03/01 15:20:56 
931d122a-d75b-4cbe-a3b0-5ce04aac8826	POST /api/v1/book/    2023/03/01 15:21:22 
204e3ea2-13c4-4194-be35-e5e7eef0c963	POST /api/v1/book/    2023/03/01 15:21:23 
65655aba-7b23-437c-8324-e9af0fb1955a	POST /api/v1/book/    2023/03/01 15:21:28 
4eca2956-3fca-4bde-b8ad-4e67c11799be	POST /api/v1/book/    2023/03/01 15:21:29 
40e01631-6ed7-4c67-bae5-35349af4d9b4	POST /api/v1/book/    2023/03/01 15:23:02 
09b8bb35-2c9b-4eff-90ad-6d9f7cae3e19	POST /api/v1/book/    2023/03/01 15:26:16 
3fb1277f-91b9-4d11-975e-2e739afcc3bf	POST /api/v1/book/    2023/03/01 15:26:16 
3be31819-c2a4-4972-bf0e-d2c4b11a2bf6	POST /api/v1/book/    2023/03/01 15:36:32 
18616bae-6dc1-4048-bd70-64779fcceac2	POST /api/v1/book/    2023/03/01 15:41:36 
454a034b-07cd-42e3-9a13-e2cacb2cf6bb	POST /api/v1/book/    2023/03/01 15:46:42 
b683ee6b-6413-4544-9ad9-6c76876be324	POST /api/v1/book/    2023/03/01 15:52:02 
dec1c986-c622-4817-9260-b8a75021e44d	POST /api/v1/book/    2023/03/01 15:53:10 
6e926097-2f3f-469d-9376-d41e6036316f	POST /api/v1/book/    2023/03/01 15:54:24 
9fe6825b-b07a-48ee-9128-f971ac69f966	POST /api/v1/user/login    2023/03/01 16:04:55 
dabe2b30-7112-4025-878d-9879b7ca446c	POST /api/v1/book/    2023/03/01 16:05:05 
6fc2dc3a-035a-42a6-8876-ca9c74716c4c	POST /api/v1/book/    2023/03/01 16:05:42 
3b45736f-7bf1-4123-ba71-ed23c0bfc0d5	POST /api/v1/book/    2023/03/01 16:05:46 
3cf37268-627c-498d-8e11-405f14a8072c	POST /api/v1/book/    2023/03/01 16:05:46 
1033c886-9d94-41a0-9e69-9bd24e4ccfeb	POST /api/v1/book/    2023/03/01 16:05:47 
5d98df58-e8ce-4c7d-b577-6520db868152	POST /api/v1/book/    2023/03/01 16:05:48 
c9f7b0a8-0e87-477a-9831-11a4c519271f	POST /api/v1/book/    2023/03/01 16:05:48 
06b3035c-86b6-4a27-bb9d-04d6cea4c966	POST /api/v1/book/    2023/03/01 16:05:49 
dbd60002-0b77-4722-a93c-756d9a0c7073	POST /api/v1/book/    2023/03/01 16:05:56 
3003a744-92b2-4ebd-8f4c-f2a5b8bbb9d9	POST /api/v1/book/    2023/03/01 16:05:57 
d7dadce9-22bc-445a-a8ff-d8c112b19ef7	POST /api/v1/book/    2023/03/01 16:05:58 
494d5fa1-158f-44f3-8194-59efe9b5380a	POST /api/v1/book/    2023/03/01 16:06:04 
3b982386-07ee-4507-a23b-5d2536948f4a	POST /api/v1/book/    2023/03/01 16:06:04 
5b0e8660-3bd3-4af3-884f-f0cd5caf9b18	POST /api/v1/book/    2023/03/01 16:06:05 
0b4fdf5b-e2f6-4905-8444-ceaca744d1ad	POST /api/v1/book/    2023/03/01 16:06:06 
9e947c4b-3a8f-4871-a280-21b17d053c2c	POST /api/v1/book/    2023/03/01 16:06:07 
1c999072-e93d-41a0-9899-e89b0aa717a6	POST /api/v1/book/    2023/03/01 16:06:07 
742dda49-9648-4323-8b1d-71c6a7b3f6f1	POST /api/v1/book/    2023/03/01 16:06:08 
940bef4f-0237-413c-8a71-7d5e89e2b33a	POST /api/v1/book/    2023/03/01 16:06:09 
2ba7c8b6-7e96-4b13-83f3-f3f09f59c5d6	POST /api/v1/book/    2023/03/01 16:06:09 
39106fae-1911-49b7-b90a-5a747ac334e2	POST /api/v1/book/    2023/03/01 16:06:10 
325d0bb5-2901-41a9-ac6e-f16a5d52d697	POST /api/v1/book/    2023/03/01 16:06:10 
b1aa3afe-0fa2-4fb0-9737-e1601ab423a2	POST /api/v1/book/    2023/03/01 16:06:11 
ed27530d-b92d-4b6d-9f89-c9e090d7fe6b	POST /api/v1/book/    2023/03/01 16:15:27 
36959fab-9949-4af6-b923-6dff52ef7181	POST /api/v1/book/    2023/03/01 16:16:46 
0a1669b2-4593-4749-8535-b347a3fe3fa4	DELETE /api/v1/book/63ff2992bf20d9bbe1dc3858    2023/03/01 16:21:02 
937687e7-f76e-496d-948b-c9129f191ab4	DELETE /api/v1/book/63ff2992bf20d9bbe1dc3858    2023/03/01 16:21:07 
2db6b82c-a771-4f65-b377-e7035db9e9ea	POST /api/v1/book/    2023/03/01 16:25:12 
af75d7ea-dc08-40d9-a80a-2737e922621c	POST /api/v1/book/    2023/03/01 16:26:20 
9a07f686-06f1-4172-965b-d932bccc4e48	DELETE /api/v1/book/63ff2bd084d46cfa8ccd3335    2023/03/01 16:26:36 
e634c2b2-848b-4f2b-8609-206a865943c4	DELETE /api/v1/book/63ff2bd084d46cfa8ccd3335    2023/03/01 16:27:03 
9e1c23cf-05dc-46ab-9323-3de2ad5b2e16	DELETE /api/v1/book/63ff2bd084d46cfa8ccd3335    2023/03/01 16:28:33 
8dd318ac-2aa1-473f-b639-5ba09815e3dc	DELETE /api/v1/book/63ff2bd084d46cfa8ccd3335    2023/03/01 16:28:54 
29a354d4-0815-4086-abeb-4e99f1ca0da8	DELETE /api/v1/book/63ff2bd084d46cfa8ccd3335    2023/03/01 16:29:51 
e19fa06c-3d5f-4d66-9878-0b428a214fcd	POST /api/v1/book/    2023/03/01 16:30:07 
063fbc05-e854-4a88-9528-a90a9eb80e4d	PUT /api/v1/book/63ff2cb360f709ca723d08b8    2023/03/01 16:30:20 
3bbc8972-85d9-40d4-ad02-40cc09f65765	PUT /api/v1/book/63ff2cb360f709ca723d08b8    2023/03/01 16:30:38 
dffb0efe-bfdc-4f6a-8022-806517196c7f	PUT /api/v1/book/63ff2cb360f709ca723d08b8    2023/03/01 16:30:40 
f0e7eace-df9c-44f1-bee4-6b7894fa9810	PUT /api/v1/book/63ff2cb360f709ca723d08b8    2023/03/01 16:30:52 
d47e04f7-56c9-4dfa-980a-2edb696bf61f	PUT /api/v1/book/63ff2cb360f709ca723d08b8    2023/03/01 16:30:53 
b79e0612-e683-4d4d-a356-e50d4218a80d	PUT /api/v1/book/63ff2cb360f709ca723d08b8    2023/03/01 16:30:55 
b5252ced-c981-4e30-8db1-90b4e1138374	DELETE /api/v1/book/63ff2cb360f709ca723d08b8    2023/03/01 16:31:51 
caa3ccbd-372d-4c96-97bd-e8edb8640384	DELETE /api/v1/book/63ff2cb360f709ca723d08b8    2023/03/01 16:33:16 
dc3c3c05-6181-41a5-b278-020af7f82f13	DELETE /api/v1/book/63ff2cb360f709ca723d08b8    2023/03/01 16:33:41 
d2ecf037-05d2-4fd3-8a8f-007335ce068e	DELETE /api/v1/book/63ff2cb360f709ca723d08b8    2023/03/01 16:34:12 
c05967e4-dede-49fb-9c99-942535fc2453	DELETE /api/v1/book/63ff2cb360f709ca723d08b8    2023/03/01 16:35:22 
e0ec7321-131a-40ec-9e60-8a629f7c43d8	POST /api/v1/book/    2023/03/01 16:39:39 
23d7213d-4a17-4250-8a26-e90e7dfcb0fc	PUT /api/v1/book/63ff2eeff97c720250fab352    2023/03/01 16:40:58 
9029d361-3391-46d0-9721-847e3c78772f	PUT /api/v1/book/63ff2eeff97c720250fab352    2023/03/01 16:41:05 
05fcf283-dbe9-403a-a039-c551d953aeff	PUT /api/v1/book/63ff2eeff97c720250fab352    2023/03/01 16:41:14 
0d706368-fbbd-41ed-9c4a-74936a2fe279	PUT /api/v1/book/63ff2eeff97c720250fab352    2023/03/01 16:41:22 
13f4342f-6965-45c8-bb99-49e86a40fda5	PUT /api/v1/book/63ff2eeff97c720250fab352    2023/03/01 16:41:22 
dbe5d6d7-686c-4fac-ac5a-3705afa9a031	PUT /api/v1/book/63ff2eeff97c720250fab352    2023/03/01 16:41:23 
7c12b965-d64f-43e3-ad0b-01efcb626331	PUT /api/v1/book/63ff2eeff97c720250fab352    2023/03/01 16:41:23 
8347465e-526b-421c-bf3a-15c67f194d88	PUT /api/v1/book/63ff2eeff97c720250fab352    2023/03/01 16:41:24 
bdda6967-d745-499d-82bb-b09506e0cd46	PUT /api/v1/book/63ff2eeff97c720250fab352    2023/03/01 16:41:24 
c806a5b2-9db9-4b97-ac89-854003fdacc0	PUT /api/v1/book/63ff2eeff97c720250fab352    2023/03/01 16:41:25 
6ac74efa-4c8b-4669-9308-002485de1c6b	PUT /api/v1/book/63ff2eeff97c720250fab352    2023/03/01 16:41:25 
9fe45127-d42a-4267-a750-3c74b3157b1e	PUT /api/v1/book/63ff2eeff97c720250fab352    2023/03/01 16:41:26 
50d70031-d627-4e7a-9c05-c17f53ad1803	PUT /api/v1/book/63ff2eeff97c720250fab352    2023/03/01 16:41:27 
98dfc24c-31dc-47ed-8928-d9730aed1386	PUT /api/v1/book/63ff2eeff97c720250fab352    2023/03/01 16:41:27 
7e787e1f-063b-422d-84e3-310bacb6a829	PUT /api/v1/book/63ff2eeff97c720250fab352    2023/03/01 16:41:28 
a99ee44d-a36b-47cc-a7da-2dbd6e704432	PUT /api/v1/book/63ff2eeff97c720250fab352    2023/03/01 16:41:28 
7a61e091-322f-4bd1-bc38-deb95f85fe92	PUT /api/v1/book/63ff2eeff97c720250fab352    2023/03/01 16:41:29 
f01762b0-67f2-4fca-bb6a-680bd5b2fd3e	PUT /api/v1/book/63ff2eeff97c720250fab352    2023/03/01 16:41:29 
8571f560-a846-4596-8106-e02a1082fa04	PUT /api/v1/book/63ff2eeff97c720250fab352    2023/03/01 16:41:30 
04b63717-87bb-489f-bc34-d0eea601240f	PUT /api/v1/book/63ff2eeff97c720250fab352    2023/03/01 16:41:30 
73aeaac0-9872-4572-8823-6912bed83b3a	PUT /api/v1/book/63ff2eeff97c720250fab352    2023/03/01 16:41:31 
ff73c768-8f12-4ee1-8ce7-3b1e53a143a7	PUT /api/v1/book/63ff2eeff97c720250fab352    2023/03/01 16:41:31 
82138307-2388-4914-b471-0f4618b016b8	PUT /api/v1/book/63ff2eeff97c720250fab352    2023/03/01 16:41:32 
1b23e42b-fcb3-4cb6-a898-1bb947ec14e3	PUT /api/v1/book/63ff2eeff97c720250fab352    2023/03/01 16:41:32 
b15a8053-1e7d-4332-a201-a3bbfb50ba11	PUT /api/v1/book/63ff2eeff97c720250fab352    2023/03/01 16:41:33 
e150efd5-051a-47f3-81e0-86cfb6ff1262	PUT /api/v1/book/63ff2eeff97c720250fab352    2023/03/01 16:41:33 
74460c4d-a989-4160-8952-63ef76083ea5	PUT /api/v1/book/63ff2eeff97c720250fab352    2023/03/01 16:41:34 
aa84f966-d66b-4923-afce-22d39fa19457	PUT /api/v1/book/63ff2eeff97c720250fab352    2023/03/01 16:41:34 
64cd41e8-af65-43f7-a92a-5a82fe899893	PUT /api/v1/book/63ff2eeff97c720250fab352    2023/03/01 16:41:35 
c82ad55f-edc9-4536-a352-80c4a8d0533f	PUT /api/v1/book/63ff2eeff97c720250fab352    2023/03/01 16:43:45 
dd7fa981-1356-45be-ab01-45fc94816468	PUT /api/v1/book/63ff2eeff97c720250fab352    2023/03/01 16:45:32 
a2354749-9a86-4b9c-b200-8504e858622b	PUT /api/v1/book/63ff2eeff97c720250fab352    2023/03/01 16:47:34 
bf46c0b8-e6cf-485b-b245-84085aca54bf	PUT /api/v1/book/63ff2eeff97c720250fab352    2023/03/01 16:47:38 
584a0023-a8e7-4b3a-adf1-c2570ce8f5db	PUT /api/v1/book/63ff2eeff97c720250fab352    2023/03/01 16:47:38 
1a7930ee-7ae4-442b-99a5-6c1f7f4f76d8	PUT /api/v1/book/63ff2eeff97c720250fab352    2023/03/01 16:47:39 
ed55a60f-5d33-482a-9d1d-64a5e11fc762	PUT /api/v1/book/63ff2eeff97c720250fab352    2023/03/01 16:47:40 
e28c714e-c335-4b19-83a9-16b264d5c322	PUT /api/v1/book/63ff2eeff97c720250fab352    2023/03/01 16:47:46 
26ec79d5-a9d2-4d1b-b920-47bf0f7d2f58	POST /api/v1/book/    2023/03/01 16:50:25 
7af48695-2c56-4fb0-bf6c-d71b0393da05	POST /api/v1/book/    2023/03/01 16:53:07 
c2077879-3a67-4ded-96fb-81d98095e870	PUT /api/v1/book/63ff321798c5fa60bf7a1303    2023/03/01 16:53:21 
f4f0f58b-57d3-464a-b348-bfd250b7dace	PUT /api/v1/book/63ff321798c5fa60bf7a1303    2023/03/01 16:59:35 
89237cc2-d09b-4a26-80a5-a0ab7802417e	PUT /api/v1/book/63ff321798c5fa60bf7a1303    2023/03/01 17:00:03 
086c5274-b461-4b9a-a142-51b45e5150b4	PUT /api/v1/book/63ff321798c5fa60bf7a1303    2023/03/01 17:00:35 
f80281ce-0d80-4c50-8e31-19c09242c305	PUT /api/v1/book/63ff321798c5fa60bf7a1303    2023/03/01 17:00:40 
9bb82ac1-34ca-4c09-bbcc-5e731ad2abfd	PUT /api/v1/book/63ff321798c5fa60bf7a1303    2023/03/01 17:00:41 
d7ca8d93-a9b3-4966-9369-70167be762e3	PUT /api/v1/book/63ff321798c5fa60bf7a1303    2023/03/01 17:00:41 
e3e4afb5-6764-4dce-a71f-b1469a9eebc3	PUT /api/v1/book/63ff321798c5fa60bf7a1303    2023/03/01 17:00:42 
59f71978-2eb6-49a3-bbb4-19904cd551f0	PUT /api/v1/book/63ff321798c5fa60bf7a1303    2023/03/01 17:00:42 
898b449e-1d26-48d6-9cc9-b818595c2b95	PUT /api/v1/book/63ff321798c5fa60bf7a1303    2023/03/01 17:00:43 
33a0e791-784e-461d-a89e-e21358a42eb7	PUT /api/v1/book/63ff321798c5fa60bf7a1303    2023/03/01 17:00:43 
f5f98e34-2487-466e-9422-a34e7f97256b	PUT /api/v1/book/63ff321798c5fa60bf7a1303    2023/03/01 17:00:44 
e0d60938-c511-4a69-85b0-4c924e982c5c	PUT /api/v1/book/63ff321798c5fa60bf7a1303    2023/03/01 17:00:45 
a3027b42-175f-4f5d-83cf-859a4250fc0e	PUT /api/v1/book/63ff321798c5fa60bf7a1303    2023/03/01 17:00:45 
9f8ab6dc-cc01-4461-9018-bc89706751aa	PUT /api/v1/book/63ff321798c5fa60bf7a1303    2023/03/01 17:00:46 
0ba078f9-0d21-4d82-8f69-f1f774cd3a8e	PUT /api/v1/book/63ff321798c5fa60bf7a1303    2023/03/01 17:00:46 
9cae7086-48bb-46c5-a2cb-5d9023acc77d	PUT /api/v1/book/63ff321798c5fa60bf7a1303    2023/03/01 17:00:47 
be9924c2-2c62-470a-b197-b6011e1637af	PUT /api/v1/book/63ff321798c5fa60bf7a1303    2023/03/01 17:05:35 
dbeb2725-fdc2-4d25-bf38-c7789a6ef001	PUT /api/v1/book/63ff321798c5fa60bf7a1303    2023/03/01 17:07:35 
66f699bc-dda5-46f1-8343-47b9ebd1498d	PUT /api/v1/book/63ff321798c5fa60bf7a1303    2023/03/01 17:15:37 
a6016994-cc03-41c5-8b8a-99f629707df0	PUT /api/v1/book/63ff321798c5fa60bf7a1303    2023/03/01 17:15:45 
108614cb-3ce8-4824-95f6-18883b163cda	PUT /api/v1/book/63ff321798c5fa60bf7a1303    2023/03/01 17:15:45 
1c71caa8-020e-460f-933e-39dc1eebe6cc	PUT /api/v1/book/63ff321798c5fa60bf7a1303    2023/03/01 17:15:58 
bab5c659-8cd2-406d-9ea1-2627456f7b4c	PUT /api/v1/book/63ff321798c5fa60bf7a1303    2023/03/01 17:16:07 
5bddea83-a58b-4e83-9df3-794f26d2c9bc	PUT /api/v1/book/63ff321798c5fa60bf7a1303    2023/03/01 17:16:11 
a72eb0ff-7c5c-48d8-8f84-bc0d89b2992f	PUT /api/v1/book/63ff321798c5fa60bf7a1303    2023/03/01 17:16:30 
67c0e84b-8be4-4107-b985-1582c412cf9f	PUT /api/v1/book/63ff321798c5fa60bf7a1303    2023/03/01 17:20:07 
feae7189-291f-4a7a-8e79-09e638174aa7	PUT /api/v1/book/63ff321798c5fa60bf7a1303    2023/03/01 17:21:03 
e6372c4c-fdfc-4ed7-9675-bc7f70cfedcc	PUT /api/v1/book/63ff321798c5fa60bf7a1303    2023/03/01 17:22:05 
2e332855-a8d7-4848-8f5c-0de0835de0ba	PUT /api/v1/book/63ff321798c5fa60bf7a1303    2023/03/01 17:23:04 
51264762-9cb2-4a7b-89d5-1a32237753db	PUT /api/v1/book/63ff321798c5fa60bf7a1303    2023/03/01 17:23:34 
fc0c0fb9-225a-47a0-a2c8-3bda9936cb98	PUT /api/v1/book/63ff321798c5fa60bf7a1303    2023/03/01 17:25:15 
d3f3fe25-4c4a-48b7-a29e-3b9f7516325c	PUT /api/v1/book/63ff321798c5fa60bf7a1303    2023/03/01 17:32:21 
f1f1b6aa-6499-47a4-8d42-48c8ccdd85ce	POST /api/v1/book/    2023/03/01 17:35:44 
7da06d68-6e61-4c77-a738-78ad5d04083c	POST /api/v1/book/    2023/03/01 17:38:32 
5b024706-f024-4f0b-a9e6-d6255718bba3	POST /api/v1/book/    2023/03/01 17:39:04 
5fe8615e-264b-49ad-9903-892a9969beee	POST /api/v1/book/    2023/03/01 17:39:40 
6496a034-6b91-4829-880c-269ebc32d873	POST /api/v1/book/    2023/03/01 17:40:15 
935027e6-3e76-40cd-a506-38159779e2f3	POST /api/v1/book/    2023/03/01 17:41:43 
21f9a671-9224-472c-bcf3-a16585abd71e	POST /api/v1/book/    2023/03/01 17:41:44 
79a81c30-75c7-4ad5-b731-a130d0da1b26	POST /api/v1/book/    2023/03/01 17:41:44 
0e5c4de1-9979-4d64-a35e-c3216b66a2de	POST /api/v1/book/    2023/03/01 17:41:56 
cc23814f-a030-4426-b1d6-9c31bf9d2a5f	POST /api/v1/book/    2023/03/01 17:42:06 
539643fb-690e-4970-92bf-efd2cb3d1dc1	POST /api/v1/book/    2023/03/01 17:42:17 
227404bd-b5a4-4fa3-9dba-a6428d5a7f7f	POST /api/v1/book/    2023/03/01 17:42:29 
08fd22de-77d3-42bf-8c05-e4a61f56995c	POST /api/v1/book/    2023/03/01 17:42:30 
72655b8b-807b-4f38-a781-97d64c32e745	POST /api/v1/book/    2023/03/01 17:42:41 
3de54bfa-d1ef-4413-8613-db1c5bb77348	POST /api/v1/book/    2023/03/01 17:42:44 
5e2407d3-2b14-4cee-bcdc-b2e3150dd5cf	POST /api/v1/book/    2023/03/01 17:42:44 
eb8dec7a-d8a9-4d37-b513-790c640ba02a	POST /api/v1/book/    2023/03/01 17:42:45 
ba5c08c0-db00-428c-ace8-d6c63dc6d051	POST /api/v1/book/    2023/03/01 17:42:59 
20fa800b-6082-42be-b115-71e1ded1f016	POST /api/v1/book/    2023/03/01 17:43:00 
0d37c22a-1635-4ed4-a8db-9eee9c6baf42	POST /api/v1/book/    2023/03/01 17:43:00 
e2837185-042e-48be-9104-227d9dc42fb7	POST /api/v1/book/    2023/03/01 17:43:01 
01b89846-d75f-4715-9fd8-53cfc17b3518	POST /api/v1/book/    2023/03/01 17:43:02 
e32e9253-63aa-429d-a305-2d944ecac677	POST /api/v1/book/    2023/03/01 17:43:03 
dff8c137-2146-4b41-9a8a-9aee114cc7a6	POST /api/v1/book/    2023/03/01 17:43:03 
177b5d3f-13c4-4997-a738-658844ed9163	POST /api/v1/book/    2023/03/01 17:43:40 
24c036fc-2279-4c74-8da3-d4b24eb816e3	POST /api/v1/book/    2023/03/01 18:26:05 
bb8e2aa0-8029-428c-af10-c574fd58a431	POST /api/v1/category/    2023/03/01 18:38:45 
0bbdc1d1-b289-4c7a-8a6e-9dbbd8a49124	POST /api/v1/category/    2023/03/01 18:40:20 
56bca102-3d01-4f22-86a8-76b9e09e71b0	POST /api/v1/category/    2023/03/01 18:40:44 
3ebad120-1f07-456b-85d9-0dd3505ff59d	POST /api/v1/category/    2023/03/01 18:40:54 
80b4d720-632f-4720-bff5-328524cd09af	POST /api/v1/user/login    2023/03/01 18:41:16 
1dfd09ec-3baa-49f3-ad12-7b04fc00986e	POST /api/v1/user/register    2023/03/01 18:41:21 
9b324994-538c-4e25-8491-67f02a712602	POST /api/v1/user/login    2023/03/01 18:41:26 
ee3d1956-de8d-4621-95db-f2d093e8f0ce	POST /api/v1/category/    2023/03/01 18:41:41 
11534b91-bf14-48a5-9664-d9e5afecd1bb	POST /api/v1/category/    2023/03/01 18:42:06 
d47a11fc-cf6f-4727-9291-8235b65940d9	POST /api/v1/category/    2023/03/01 18:42:16 
0a158123-9b6a-4946-806d-13e0325b426b	POST /api/v1/category/    2023/03/01 18:42:20 
bbac992d-8692-4f27-827b-cfcc7b99adde	POST /api/v1/category/    2023/03/01 18:42:30 
27f34723-b0b7-4cde-a1f4-da4772e01f30	POST /api/v1/category/    2023/03/01 18:42:38 
cf046f4a-8eb1-4707-9787-c00c81b56cc8	POST /api/v1/category/    2023/03/01 18:42:45 
6b6c2b5d-5699-4fce-9e31-10941bb9788c	POST /api/v1/books/    2023/03/01 18:47:11 
dac3dd3f-75ed-46a2-8b24-03c5e24b3f98	POST /api/v1/books/    2023/03/01 18:48:08 
8d7d5784-438f-4cd4-8588-a1138cd56a60	POST /api/v1/book/    2023/03/01 18:48:28 
c837c885-17f3-4963-8a0b-c3f6ec5bbc0b	POST /api/v1/book/    2023/03/01 18:50:08 
97699dd8-dd9e-4881-8b19-dab307fcd86e	POST /api/v1/book/    2023/03/01 19:02:45 
f7f0dc0f-1098-43cb-a077-70366fcc8e61	POST /api/v1/user/login    2023/03/01 19:06:29 
8ab49fa3-71b1-4ce7-a410-cbfe0e69733c	POST /api/v1/book/    2023/03/01 19:06:52 
97eb379a-cda8-4b1c-be05-bccadbc45470	POST /api/v1/book/    2023/03/01 19:07:43 
07221be8-8d87-43c0-a5c2-9ea894352ca9	POST /api/v1/book/    2023/03/01 19:11:11 
95ebcd31-2610-4bf2-9814-06fba4116309	POST /api/v1/book/    2023/03/01 19:15:30 
39ac3159-699c-41de-8a3a-47d86577b24c	POST /api/v1/book/    2023/03/01 19:15:43 
c4d4dad3-1d67-4df5-b0a2-f8b573eb4cc5	POST /api/v1/book/    2023/03/01 19:16:21 
665878bf-dd8d-4094-9976-7e4d286d1838	POST /api/v1/book/    2023/03/01 19:17:05 
cec420fd-8c5b-4bb2-ae86-4387f51bbbe6	POST /api/v1/book/    2023/03/01 19:45:51 
bd55f412-9309-4a51-8306-6a6f1e19b470	POST /api/v1/book/    2023/03/01 19:48:50 
895e900f-48c5-4900-938b-3bffa4bf4760	POST /api/v1/user/register    2023/03/01 19:50:20 
c69e0a79-b69b-4dc3-8977-e39ecf3a8643	POST /api/v1/user/login    2023/03/01 19:50:27 
a4da3cd2-917a-44d2-aca2-8c22d55c2d40	POST /api/v1/user/login    2023/03/01 19:51:38 
0244c039-b694-41de-90c2-94cb06cee83b	POST /api/v1/book/    2023/03/01 19:52:03 
ac4f0dc5-3534-44d5-addb-e7487a37c99c	POST /api/v1/book/    2023/03/01 19:54:47 
6b749247-2020-44f5-83e9-d30bdecd093d	POST /api/v1/book/    2023/03/01 19:55:28 
0d87ceba-a1b5-4eec-aa24-c334e1970599	POST /api/v1/book/    2023/03/01 19:55:48 
fe4f90e4-2cb4-42a5-a76e-f9a73362f524	POST /api/v1/book/    2023/03/01 19:58:25 
2195225f-ca36-4f9d-9b03-c8a63419536c	POST /api/v1/book/    2023/03/01 19:58:37 
b54b766c-79b7-46c6-8aea-ffde14fe5bbe	POST /api/v1/book/    2023/03/01 20:08:56 
773bfd57-5a69-4d24-8e0c-b6370d4617fc	POST /api/v1/book/    2023/03/01 20:08:57 
688193e4-4a62-49de-97cf-b3b35e2eb80d	POST /api/v1/book/    2023/03/01 20:08:58 
043a0759-aba8-4269-a4ba-0f3b29f81868	POST /api/v1/book/    2023/03/01 20:08:58 
72b3ab5c-1c36-4dbe-b99e-2598eb0f2869	POST /api/v1/book/    2023/03/01 20:09:00 
062450b0-2fd0-453b-bf63-7400ab128c1b	GET /api/v1/book/    2023/03/01 20:09:20 
583c943a-4325-4ee8-8fdb-e638aae95371	GET /api/v1/book/    2023/03/01 20:10:26 
2de6b5ee-0e8c-489b-88c9-55829d69ea4c	GET /api/v1/book/    2023/03/01 20:10:31 
39cb170e-eaa3-4c65-a7d5-1db98af531bb	GET /api/v1/book/    2023/03/01 20:10:32 
f1b98558-12ad-4b68-b79d-55a15970b6d5	GET /api/v1/book/    2023/03/01 21:10:25 
e8a3c5cb-1de9-4608-987d-4736dbfa06ca	POST /api/v1/book/    2023/03/01 21:10:39 
f3ad01b6-b02a-43d8-9d11-ea8de11db7b1	POST /api/v1/book/    2023/03/01 21:15:06 
324c79d6-98f7-4c2c-855c-5b6203aea60b	POST /api/v1/book/    2023/03/01 21:17:19 
5380f5c3-343b-4966-b616-c97cd28ba9c0	POST /api/v1/book/    2023/03/01 21:25:52 
e2798dde-32c0-4182-b178-b69b0815f130	POST /api/v1/user/register    2023/03/01 21:27:18 
f2dcc740-7695-4cbd-be46-a47b125dcd35	POST /api/v1/user/login    2023/03/01 21:27:22 
a9f36711-53bd-4c35-a843-b555e2b0540a	POST /api/v1/book/    2023/03/01 21:27:38 
09b0ee38-0b61-445c-8b3c-b378bb2a9a6e	POST /api/v1/book/    2023/03/01 21:32:14 
9e12f99b-4d69-4087-bac9-6f162177c387	POST /api/v1/user/register    2023/03/01 21:45:56 
456c2d55-ae43-481e-bca1-39f9a609b689	POST /api/v1/user/login    2023/03/01 21:46:00 
0ac95b2c-798d-4552-9fa5-613ebdfd89aa	POST /api/v1/book/    2023/03/01 21:46:19 
d46838bb-1fd9-4442-bbda-a9d964fcbe7e	POST /api/v1/book/    2023/03/01 21:47:48 
99b54f90-cdbc-41c6-aa97-93cb619e3cbe	POST /api/v1/book/    2023/03/01 21:47:49 
847ad6f6-7b9f-4016-9031-3f2bdf4d9b97	POST /api/v1/category/    2023/03/01 22:22:09 
1a7492db-eb90-4063-ac69-3e77251935c1	POST /api/v1/cstegory/    2023/03/01 22:22:33 
e4d075c5-d597-447a-8d14-d9533d192350	POST /api/v1/category/    2023/03/01 22:22:42 
db9416a0-cdb7-4bfc-9498-49ae059bba42	POST /api/v1/user/register    2023/03/01 22:23:00 
c6d455e4-f4ee-4521-afb6-083b9da7ff85	POST /api/v1/user/register    2023/03/01 22:24:06 
db0e3429-132e-436c-bee3-8482d4f1048d	POST /api/v1/user/login    2023/03/01 22:24:15 
d4289301-3f51-4917-a583-801fc06c62c6	POST /api/v1/category/    2023/03/01 22:24:25 
39947820-6dc9-4a73-9fc6-0eca4d0e78ad	POST /api/v1/category/    2023/03/01 22:24:30 
2a00901f-27ef-4e81-b142-dc559ad827b9	POST /api/v1/category/    2023/03/01 22:24:34 
cd16a511-05df-421d-820e-3534a4986827	POST /api/v1/category/    2023/03/01 22:24:58 
e8be8de3-92a1-4b64-853f-7c74f3269ce2	POST /api/v1/category/    2023/03/01 22:25:05 
8eb96970-c67a-4eaf-9b47-58a23bb35bd0	POST /api/v1/category/    2023/03/01 22:25:08 
5a338592-d358-4632-9ba9-5f883a6b5409	POST /api/v1/book/    2023/03/01 22:25:23 
bf56a70b-2915-4ec3-8676-977541ae0193	POST /api/v1/book/    2023/03/01 22:26:57 
6157b8a8-d4fa-4d7f-9d7b-ab6d92c5a491	PUT /api/v1/book/    2023/03/01 22:27:48 
2f825b6b-5a59-44e7-aaf2-852dea1c57a5	PUT /api/v1/book/    2023/03/01 22:28:23 
051a44d2-b452-4686-84e2-40bfab37643f	POST /api/v1/book/    2023/03/01 22:28:36 
ba9c91b1-b382-4fb6-b3a1-5aed6f0f1889	POST /api/v1/book/    2023/03/01 22:28:37 
497af05d-4b11-4f91-b6a7-04cc742f3202	POST /api/v1/book/    2023/03/01 22:28:38 
bf8f745b-35df-4de7-bf40-4145162599dd	POST /api/v1/book/    2023/03/01 22:28:38 
a0e264ee-40ef-4b8c-92c6-5d2043795142	POST /api/v1/book/    2023/03/01 22:29:16 
10f87e3a-4398-4918-8505-8b899d6a15a1	POST /api/v1/book/    2023/03/01 22:29:18 
c48c6024-7ecb-40ec-9299-54c44f65660b	POST /api/v1/book/    2023/03/01 22:29:19 
149b3444-6f8f-42fe-8355-9384bf8bc84b	POST /api/v1/book/    2023/03/01 22:29:19 
9bacd676-7fb7-4279-befa-42d69ac3fd6e	POST /api/v1/book/    2023/03/01 22:29:20 
e4221e56-c21a-4ce5-8325-35cecfe775e2	POST /api/v1/book/    2023/03/01 22:29:20 
c8ccb8de-d2b6-40b0-9308-92473b82a653	POST /api/v1/book/    2023/03/01 22:29:21 
295a3015-103f-491f-ad34-e1dd423a67a9	POST /api/v1/user/register    2023/03/01 22:31:36 
dbefa7e7-58c9-4e7a-bb7a-6de9b44931b3	POST /api/v1/user/register    2023/03/01 22:32:15 
55dedc15-fb0b-4781-8e37-9de95a30bb06	POST /api/v1/user/register    2023/03/01 22:33:16 
abae166d-813d-443d-a913-3b07213cf172	POST /api/v1/user/login    2023/03/01 22:33:22 
17b849a2-b38a-4829-b1d2-f6e7aeddc1da	POST /api/v1/book/    2023/03/01 22:34:08 
27d614f9-62b7-4eb5-b60f-036dbe431941	POST /api/v1/category/    2023/03/01 22:34:25 
460f194c-8638-4f0c-b6c1-c6dffc54ebc1	POST /api/v1/cstegory/    2023/03/01 22:34:35 
28b7859d-6ccc-4ba8-9302-53b691ed7222	POST /api/v1/category/    2023/03/01 22:34:54 
0555af20-b700-404f-a30e-e6259eb1eb47	POST /api/v1/category/    2023/03/01 22:35:07 
0ea072aa-8244-4695-8bb9-d086f5a8bddb	POST /api/v1/category/    2023/03/01 22:35:17 
b6ec08b7-df8e-47aa-a934-19411421668d	PUT /api/v1/book/    2023/03/01 22:35:26 
97b3fbe9-01c7-4099-abe0-96c7fbe7670c	POST /api/v1/book/    2023/03/01 22:35:48 
3aed86f8-6a3f-42c0-88fb-bcdf9a346582	POST /api/v1/book/    2023/03/01 22:36:50 
82a049ff-7d32-46f1-a0af-ee54c4462410	POST /api/v1/book/    2023/03/01 22:37:11 
d10a008e-6d08-4b30-82a0-1b5b2e8798b1	POST /api/v1/user/register    2023/03/01 22:38:42 
0ac0c6eb-cccf-4169-9db8-c2d704b23129	POST /api/v1/user/login    2023/03/01 22:39:10 
173c423f-c462-4811-909b-ba1472beb859	POST /api/v1/book/    2023/03/01 22:40:10 
c5e550d2-e6d9-464e-8883-de53a2a4e296	POST /api/v1/book/    2023/03/01 22:42:42 
bacc1901-7d77-46ca-b22e-426d03b73486	POST /api/v1/book/    2023/03/01 22:43:32 
93d764b3-a973-4846-a527-5e7a1a580920	POST /api/v1/book/    2023/03/01 22:44:43 
4da89a7d-eadb-4659-b693-79981d45b0f7	PUT /api/v1/book/63ff84380e24cc9a3f0a312f    2023/03/01 22:48:50 
7c366949-a5b8-437c-b064-dba173e08833	PUT /api/v1/book/63ff84380e24cc9a3f0a312f    2023/03/01 22:49:28 
dd30218d-9a0d-40e9-be1d-29e7b8435380	PUT /api/v1/book/63ff84380e24cc9a3f0a312f    2023/03/01 22:58:52 
d71401a8-0dca-414a-a58e-228de6f05ce9	PUT /api/v1/book/63ff84380e24cc9a3f0a312f    2023/03/01 23:45:58 
29ec2f2b-c16a-4119-9e0e-d07db16d54b6	PUT /api/v1/book/63ff84380e24cc9a3f0a312f    2023/03/01 23:53:51 
c912f0e8-3991-4b15-aeeb-4fdaf1896a3a	PUT /api/v1/book/63ff84380e24cc9a3f0a312f    2023/03/01 23:53:53 
85b07657-8c9a-4a64-ba7b-a159f9f91878	PUT /api/v1/book/63ff84380e24cc9a3f0a312f    2023/03/01 23:53:54 
d15ffa82-9abb-440c-885e-c8b2676c1efb	PUT /api/v1/book/63ff82bb1ae8c0baa53c18ff    2023/03/01 23:58:55 
4fbd689f-cc0f-401e-9939-3a9491cffde7	PUT /api/v1/book/63ff82bb1ae8c0baa53c18ff    2023/03/01 23:58:58 
b5d2db95-d502-4e28-97e2-196cb51a0808	PUT /api/v1/book/63ff82bb1ae8c0baa53c18ff    2023/03/01 23:59:47 
d773f50f-d7df-4f16-a150-8d21b19e3c25	PUT /api/v1/book/63ff82bb1ae8c0baa53c18ff    2023/03/02 00:01:14 
d7ac9717-3525-485d-a667-61bb24830af6	PUT /api/v1/book/63ff82bb1ae8c0baa53c18ff    2023/03/02 00:02:15 
32940792-21c9-41c6-a2a8-bbc98ab15fce	PUT /api/v1/book/63ff82bb1ae8c0baa53c18ff    2023/03/02 00:02:35 
a1521686-cb0e-4131-a5d6-1db1b8dbec84	PUT /api/v1/book/63ff82bb1ae8c0baa53c18ff    2023/03/02 00:03:36 
b51e5386-78c7-4ab0-a80f-6e3f37bb764e	PUT /api/v1/book/63ff82bb1ae8c0baa53c18ff    2023/03/02 00:04:57 
615290cc-0396-4578-a7dc-fe1f26f68edc	PUT /api/v1/book/63ff82bb1ae8c0baa53c18ff    2023/03/02 00:10:54 
eebf5c3e-9040-4956-b6da-71262f69a0fe	PUT /api/v1/book/63ff82bb1ae8c0baa53c18ff    2023/03/02 00:26:51 
77d2d483-66b0-4fde-993a-fd465c4c9586	PUT /api/v1/book/63ff82bb1ae8c0baa53c18ff    2023/03/02 00:27:58 
00e92fe9-f168-4aa1-b72c-fbeee94bba6a	PUT /api/v1/book/63ff82bb1ae8c0baa53c18ff    2023/03/02 00:28:18 
dcc73b21-24e4-44a3-84a5-28b37fc9cb65	PUT /api/v1/book/63ff82bb1ae8c0baa53c18ff    2023/03/02 00:29:00 
7de09cca-ea3e-4b6a-acef-3085d45c36a5	PUT /api/v1/book/63ff82bb1ae8c0baa53c18ff    2023/03/02 00:29:14 
a4feae97-96a0-4482-8083-8a2b6f8968be	PUT /api/v1/book/63ff82bb1ae8c0baa53c18ff    2023/03/02 00:30:26 
7bd31369-2e4e-4a88-bb47-74d609a72f19	PUT /api/v1/book/63ff82bb1ae8c0baa53c18ff    2023/03/02 00:35:55 
244d1aea-86a1-4626-b809-4df1d2d36768	PUT /api/v1/book/63ff82bb1ae8c0baa53c18ff    2023/03/02 00:37:05 
4d117db3-931a-4b12-b2b8-fd58de8b6797	PUT /api/v1/book/63ff82bb1ae8c0baa53c18ff    2023/03/02 00:37:05 
b3f4002a-50aa-402e-ae4f-ac6b0954b855	PUT /api/v1/book/63ff82bb1ae8c0baa53c18ff    2023/03/02 00:37:55 
f28a5e3e-f6af-4d15-a0e2-8bec42fc5415	PUT /api/v1/book/63ff82bb1ae8c0baa53c18ff    2023/03/02 00:43:51 
15324ad2-2dcd-480a-bc88-c7be77e214b6	PUT /api/v1/book/63ff82bb1ae8c0baa53c18ff    2023/03/02 00:45:06 
78443f32-2594-45bb-8ac7-5677ed4046c0	PUT /api/v1/book/63ff82bb1ae8c0baa53c18ff    2023/03/02 00:46:25 
549c98aa-aec2-4f5a-9aa6-ab4333269227	PUT /api/v1/book/63ff82bb1ae8c0baa53c18ff    2023/03/02 00:46:32 
26fade50-b0a8-4dea-81f9-34541d2cdce9	PUT /api/v1/book/63ff82bb1ae8c0baa53c18ff    2023/03/02 00:46:46 
045f9839-b237-4e2e-a538-d262dadaa9b1	PUT /api/v1/book/63ff82bb1ae8c0baa53c18ff    2023/03/02 00:46:50 
bc5d7202-458e-4a42-bfce-d0c8794b3874	PUT /api/v1/book/63ff82bb1ae8c0baa53c18ff    2023/03/02 00:46:54 
0f57ce0a-b2b6-482b-aada-d539e939e261	PUT /api/v1/book/63ff82bb1ae8c0baa53c18ff    2023/03/02 00:47:06 
aefdd463-08e5-4559-98c9-d9a56c99caad	POST /api/v1/book/    2023/03/02 02:08:27 
084ef0ea-1ba5-4a8b-915a-6a836d870681	POST /api/v1/book/    2023/03/02 02:08:43 
5cf178ec-826e-46af-a747-3270865ecc00	POST /api/v1/book/    2023/03/02 02:25:55 
9a9e31ac-c4ce-406f-9995-5185eb4da342	POST /api/v1/book/    2023/03/02 02:26:05 
29fc5c22-0b3e-4fe2-b230-f2f496777d66	DELETE /api/v1/book/63ffb8612c314a3020ccf34b    2023/03/02 02:45:33 
c28e8328-5540-4892-ac5a-29fcc9cba221	POST /api/v1/user/login    2023/03/02 02:46:13 
e6b1bba6-cb4d-4f24-adb4-fee219fd4b23	DELETE /api/v1/book/63ffb8612c314a3020ccf34b    2023/03/02 02:46:28 
706de151-e7ab-483e-893f-bec008206cd0	GET /api/v1/book/    2023/03/02 02:47:48 
56370bfa-0940-491c-b3a4-21a111ee3fc3	GET /api/v1/book/    2023/03/02 02:48:40 
30bc308b-6a28-4dd0-81bd-1c9a19afc090	GET /api/v1/book/63ff82bb1ae8c0baa53c18ff    2023/03/02 02:56:28 
cef796f2-4190-4f53-8f95-ba10bc5eba0e	GET /api/v1/book/    2023/03/02 02:57:36 
4c3a3815-dd02-48a3-b1d1-389a0f95da3c	DELETE /api/v1/book/    2023/03/02 02:58:48 
31a8682f-070f-4e34-bb0d-4bc94ff0cc58	DELETE /api/v1/book/    2023/03/02 03:40:12 
1b5d34bb-a43c-44ff-b5dc-e5c67c6cd22b	GET /api/v1/book/    2023/03/02 03:40:21 
21da0c24-a498-4690-9daf-82bca2c7fad6	POST /api/v1/book/    2023/03/02 03:51:36 
6f2a5918-6199-4ea4-a298-184fdb2c65df	GET /api/v1/book/63ffcc6c19fb8c58b22614dc    2023/03/02 03:53:31 
c2f0a847-7c73-4dea-a7ca-6d0626a37faf	DELETE /api/v1/book/63ffcc6c19fb8c58b22614dc    2023/03/02 03:53:38 
47e8e684-9fdc-4b15-b85e-ddc5c7fac9cc	GET /api/v1/book/63ffcc6c19fb8c58b22614dc    2023/03/02 03:54:05 
40a05e62-4485-4ff1-975a-d2b60012cb49	POST /api/v1/book/    2023/03/02 03:54:22 
c229b643-8b82-487e-8ab7-f0f28709d5c7	GET /api/v1/book/63ffcd1219fb8c58b22614e6    2023/03/02 03:54:43 
480ec7d0-e538-44b3-b94a-0d6a4d5b3118	GET /api/v1/book/63ffcd1219fb8c58b22614e6    2023/03/02 03:56:02 
e4b41034-21ae-4929-86ca-309c95d19e32	POST /api/v1/book/    2023/02/15 04:47:08 
1cac3a73-2b41-4918-ae5e-d2385ea6e671	POST /api/v1/book/    2023/02/15 04:48:23 
18bcd367-d7dc-4de1-8986-c08ead2dce6e	POST /api/v1/book/    2023/02/15 04:48:35 
369aff96-46d7-47b9-88b2-2a315c4edd01	DELETE /api/v1/book/    2023/02/15 05:09:05 
d8e016d5-c6ac-4dfd-ada2-b7bd8ad8a498	POST /api/v1/book/    2023/02/15 05:09:14 
d5f77bac-bff8-4da7-86ee-49fc210c2349	POST /api/v1/book/    2023/02/15 05:41:46 
1d0a90aa-b08e-4f32-aa4f-f8815b54da28	DELETE /api/v1/book/    2023/02/15 05:41:51 
d97ea1b5-21cc-44d6-9124-599e1e41a619	POST /api/v1/book/    2023/02/15 05:41:55 
c5613216-d453-4297-bdfe-1c58dce4df0b	DELETE /api/v1/book/    2023/02/15 05:47:09 
57910317-1b88-44ed-b845-f178f299f42f	POST /api/v1/book/    2023/02/15 05:47:13 
e703dfca-0946-494c-a217-572d15670d8a	POST /api/v1/post/    2023/02/15 06:13:23 
35a5a89c-fd08-489b-b759-b4f3d25814e8	POST /api/v1/post/    2023/02/15 06:17:25 
a8404e09-dc84-45d5-9582-35f0d8a203e3	POST /api/v1/user/register    2023/02/15 06:17:58 
25bab638-620d-408d-b0dc-6c86ecb74cfb	POST /api/v1/user/register    2023/02/15 06:18:10 
e5f5dfd2-bd35-4935-a394-c7a33d619ead	POST /api/v1/user/login    2023/02/15 06:18:26 
615874b1-9c06-4b79-a690-dc369be0c393	POST /api/v1/post/    2023/02/15 06:18:44 
abc5e115-33e4-4361-9061-e45b91e0cda8	GET /api/v1/post/    2023/02/15 06:27:38 
92ba4b3a-cc2c-4467-88ae-a183f102609c	GET /api/v1/category/    2023/02/16 07:41:07 
4ee94064-905f-4650-9581-778f643cb3d2	GET /api/v1/category/63ff82151ae8c0baa53c18ed    2023/02/16 07:43:02 
c4354e43-c987-4802-9d9a-e646557199f4	GET /api/v1/category/63ff82151ae8c0baa53c18ed    2023/02/16 07:45:00 
c04783a6-40fe-44d7-9af9-5058888401db	POST /api/v1/book/    2023/02/16 07:45:45 
a4a55a34-fd6c-47ef-936b-e945a0ad81fb	GET /api/v1/category/63ff82151ae8c0baa53c18ed    2023/02/16 07:45:54 
4a628f4a-bd43-4582-8718-8587a5f189a0	GET /api/v1/category/63ff82151ae8c0baa53c18ed    2023/02/16 07:58:34 
62fd3f65-61c3-49cf-b070-42cece8e957a	POST /api/v1/book/    2023/02/16 07:58:38 
d459c45c-7a09-433d-a0ef-53528788b560	POST /api/v1/book/    2023/02/16 07:58:44 
45be8935-1854-4ec5-b4cb-ab85aa116abf	GET /api/v1/category/63ff82151ae8c0baa53c18ed    2023/02/16 07:58:53 
31d7af56-952f-4a6a-ad7a-bd404c603a3b	GET /api/v1/category/63ff82151ae8c0baa53c18ed    2023/02/16 07:58:54 
bbdce5b1-4c17-4762-90f3-7cc33b2e0b18	GET /api/v1/category/63ff82151ae8c0baa53c18ed    2023/02/16 07:58:55 
ef4ef53c-a0cb-4649-a614-ed0535aac267	GET /api/v1/category/63ff82151ae8c0baa53c18ed    2023/02/16 07:58:57 
8c6da9ba-2726-4616-9c2e-b9355a2c1e97	GET /api/v1/category/63ff82151ae8c0baa53c18ed    2023/02/16 07:58:58 
a74b13fd-046d-4318-ad64-c9cfb1238493	POST /api/v1/book/    2023/02/16 07:59:18 
fc0bb342-2cb9-439a-9e2d-ae78e2937208	POST /api/v1/book/    2023/02/16 07:59:19 
42eb356e-f98e-4a42-879c-d4cd30bd3833	POST /api/v1/book/    2023/02/16 07:59:20 
2fb1ebbd-4ef7-4d8e-a3b7-c426a52ee988	GET /api/v1/category/63ff82151ae8c0baa53c18ed/books    2023/02/16 08:08:19 
9a3f182e-856f-4c8f-a412-7f0c85846dcb	GET /api/v1/category/63ff82151ae8c0baa53c18ed/books    2023/02/16 08:08:24 
46e0f616-fdb6-49a6-adfc-dba566d6d004	POST /api/v1/category/    2023/02/16 08:08:45 
73e79d62-6e97-41bc-bffc-9fbc8378201d	POST /api/v1/category/63ff82151ae8c0baa53c18ed/books    2023/02/16 08:08:55 
3b74f8f9-ef9f-40fe-beb7-c38069f80a20	GET /api/v1/category/63ff82151ae8c0baa53c18ed/books    2023/02/16 08:09:03 
3654fb4f-9c64-4d17-937a-8bb13b83ac83	GET /api/v1/category/    2023/02/16 08:09:53 
14181652-6a49-4962-a564-1a6f26553cc8	GET /api/v1/category/63ff82151ae8c0baa53c18ed    2023/02/16 08:15:05 
3ccc846e-919d-4127-813f-5347f770056e	POST /api/v1/book/    2023/02/16 08:15:29 
75c95a4c-4841-4cb0-934d-0b263151d3dc	GET /api/v1/category/63ff82151ae8c0baa53c18ed    2023/02/16 08:15:34 
5469b566-e569-40c2-a187-644db04bba45	DELETE /api/v1/category    2023/02/16 08:16:17 
06e9410d-d9ac-45c8-97a3-233994ed2c5a	GET /api/v1/category    2023/02/16 08:16:28 
c4ac2d63-be00-4fa3-bf9d-51e74ad16aa0	POST /api/v1/category/    2023/02/16 08:16:46 
ffba3f74-783a-4817-91cd-9baee58df29d	GET /api/v1/category    2023/02/16 08:16:50 
82b17846-67f4-46e1-99fb-cf5238db9c85	GET /api/v1/category/63ed9592753ea93db7d8e8d5    2023/02/16 08:17:29 
3e7cb877-15a5-4ba4-9d69-d4623d77e5d1	GET /api/v1/category/63ed9592753ea93db7d8e8d5    2023/02/16 08:17:37 
439347f9-a374-4555-a741-91c04fb8676a	POST /api/v1/book/    2023/02/16 08:17:50 
e7db3b51-e17f-4b95-ac2a-5b029da4bfff	POST /api/v1/book/    2023/02/16 08:17:58 
8bfb8e0e-664b-4bab-a415-a635fad3944d	POST /api/v1/book/    2023/02/16 08:18:11 
dacf4af4-1c9d-438c-b6e3-1959c4e8972e	GET /api/v1/category/63ed9592753ea93db7d8e8d5    2023/02/16 08:18:28 
d4d2484c-0c24-4fb1-a084-045a10a92971	GET /api/v1/category/63ed9592753ea93db7d8e8d5    2023/02/16 08:18:54 
b8223b10-fe85-43d2-bfd9-ca7191a07cd0	DELETE /api/v1/book/63ed95e7753ea93db7d8e8e2    2023/02/16 08:19:39 
4a1d0ac8-f2dc-45c9-b3b7-f1458b3e4ee9	GET /api/v1/category/63ed9592753ea93db7d8e8d5    2023/02/16 08:19:50 
7c937232-989d-4fc4-8769-d88b08bd046d	GET /api/v1/category/63ed9592753ea93db7d8e8d5    2023/02/16 08:27:57 
363c0c05-c7ad-46e1-8a5f-fc1eca71ef44	GET /api/v1/category/63ed9592753ea93db7d8e8d5/books    2023/02/16 08:28:03 
6fd24b84-9b5a-494e-a6cf-f274394499cb	POST /api/v1/book/my-books    2023/02/16 08:39:15 
f5c0440b-7979-4896-8b2b-1de1bebe54b7	POST /api/v1/book/my-books    2023/02/16 08:40:26 
f17073a8-b4a0-4487-8a43-6e0ff143171e	GET /api/v1/book/my-books    2023/02/16 08:40:59 
897f72d2-f82a-4c9b-b3f2-43779bf920c9	GET /api/v1/book/my-books    2023/02/16 08:41:20 
d4e25659-6be8-4abf-808a-3ec0e05bca37	GET /api/v1/book/my-books    2023/02/16 08:43:33 
a5ee7eb0-a9c2-44db-a4c7-d757930b2ccf	GET /api/v1/book/myBooks    2023/02/16 08:49:47 
e65e86a9-7b39-4faf-b1be-6bf3030d97d2	GET /api/v1/user/books    2023/02/16 08:55:31 
7202a316-4668-474a-bc66-32865ddde2d2	GET /api/v1/user/books    2023/02/16 08:58:12 
29744e81-ed36-4505-81ad-4588a2c8feae	POST /api/v1/user/register    2023/03/02 16:27:53 
8e67b769-142c-4106-8e34-eb98b41e790a	POST /api/v1/user/register    2023/03/02 16:27:57 
44e5a6eb-664a-4971-a1a4-d695e4e17f40	POST /api/v1/user/login    2023/03/02 16:28:01 
9bf68980-520e-46f4-bff3-0a6a626c56ab	POST /api/v1/user/login    2023/03/02 16:28:04 
79dc530c-39c0-46fc-846c-fef14a12865b	POST /api/v1/user/login    2023/03/03 01:40:23 
b5d92b19-e5e0-4980-90d5-525fb494deaa	PUT /api/v1/user/updateUserProfile    2023/03/03 01:41:54 
34b2864e-46d9-4aa6-8a8f-9fc18a825662	PUT /api/v1/user/updateUserProfile    2023/03/03 01:42:11 
0a1b1b0b-3814-48f6-949a-2409195f0aac	PUT /api/v1/user/updateUserProfile    2023/03/03 01:42:26 
401f9d0e-c956-4c6b-b65d-7350fc203d49	POST /api/v1/user/register    2023/03/03 01:47:55 
13ef9b52-ea06-45fb-b4a9-38cd27a85139	GET /api/v1/user/booksUploadedByUser    2023/03/03 01:49:45 
fc56feda-56a4-4389-afac-13f15cdfd675	GET /api/v1/user/booksUploadedByUser    2023/03/03 01:49:58 
40a07c84-8525-4462-9f69-24f5a6650581	GET /api/v1/user/booksUploadedByUser    2023/03/03 01:50:07 
a5464834-54a4-4043-80a3-f0285a390389	POST /api/v1/book/    2023/03/03 01:53:55 
f1aab2a7-1d24-4e5b-9c05-4757f8cb2fd1	POST /api/v1/book/addBook    2023/03/03 01:54:27 
25a637c1-7af9-4365-91c2-174e604419db	POST /api/v1/user/login    2023/03/03 01:54:57 
60fdc8fd-cba5-4c08-add8-737cbfabc153	POST /api/v1/user/login    2023/03/03 01:55:00 
2113bf2c-15ea-4452-8a99-00b1ca20093e	POST /api/v1/book/addBook    2023/03/03 01:55:35 
603bb513-35a5-4f44-9d22-bbd581cf550c	POST /api/v1/book/addBook    2023/03/03 01:55:51 
d46e73df-0e44-4855-a369-f3c7b686b517	POST /api/v1/book/addBook    2023/03/03 01:55:59 
f4d18f64-abcd-4547-8187-0b7a005c7876	GET /api/v1/user/booksUploadedByUser    2023/03/03 01:56:13 
4b81a915-a77d-41fd-aa96-23fcb26c6807	POST /api/v1/user/register    2023/03/03 01:59:22 
ea112d36-9850-4a2c-b877-72bbe665ccc4	POST /api/v1/user/login    2023/03/03 01:59:34 
ac67afc0-61b0-4951-8657-528cee730baf	GET /api/v1/user/booksUploadedByUser    2023/03/03 02:00:32 
ad428c07-6597-4e91-ab7d-e3e57d4ff754	POST /api/v1/user/register    2023/03/03 02:09:37 
311c4778-d550-4d5a-a8ef-2497d05778c5	POST /api/v1/user/login    2023/03/03 02:10:49 
7fbeea07-025e-413c-a021-6f1376f0bdc0	POST /api/v1/category/    2023/03/03 02:11:16 
b7842301-6aea-478a-81a5-750e6a83700b	POST /api/v1/category/createCategory    2023/03/03 02:11:33 
cd7ba53c-f431-4e86-ac87-18bd5e443126	POST /api/v1/category/createCategory    2023/03/03 02:11:47 
80be28f0-cc3b-4e86-9ca4-5b7ee6ed1b28	POST /api/v1/category/    2023/03/03 02:12:02 
4d0c9a62-15d2-4a2a-8dde-dc7b5def8a87	POST /api/v1/category/createCategory    2023/03/03 02:12:13 
5ebd0359-d2ec-4d18-b1e0-00cd779d4303	POST /api/v1/category/createCategory    2023/03/03 02:12:25 
62e71ea7-ec33-4622-9704-7824f18786b6	POST /api/v1/category/createCategory    2023/03/03 02:12:36 
888e7480-aa8d-4cb0-8501-45bf32d126fa	POST /api/v1/book/addBook    2023/03/03 02:12:59 
eb21ffc0-4047-495a-b21e-d3f15bec49f2	POST /api/v1/book/addBook    2023/03/03 02:14:19 
7a8f6b58-1b75-45ee-bf9f-b0c21e8682ed	POST /api/v1/book/addBook    2023/03/03 02:14:32 
7042eaef-e33f-4ccf-ade1-ca60095fccb4	POST /api/v1/book/addBook    2023/03/03 02:14:32 
d4bbbd15-d136-4274-8ce3-3d1d493a2be6	POST /api/v1/book/addBook    2023/03/03 02:14:33 
c3acd396-c8b8-45c8-bbef-8ce471157619	POST /api/v1/book/addBook    2023/03/03 02:25:06 
e5a31c6e-8a1d-46c3-9915-deffff3c9a0f	POST /api/v1/book/addBook    2023/03/03 02:29:03 
ce482a03-7267-43a3-9a01-fc7855b5ff10	POST /api/v1/book/addBook    2023/03/03 02:29:48 
4f84201f-1f4b-4796-be8d-8b4c0593d6ae	POST /api/v1/book/addBook    2023/03/03 02:30:13 
164a2b34-58ae-4fa0-b46b-95ecafcb8b28	POST /api/v1/book/addBook    2023/03/03 02:30:17 
f59e8b0e-4f10-4d17-93ba-19606578897c	POST /api/v1/book/addBook    2023/03/03 02:30:18 
f6960225-4987-4664-a6e2-b3da43c6a3cd	POST /api/v1/book/addBook    2023/03/03 02:30:27 
16851737-a8d1-4727-8856-d9ec74c74ddc	POST /api/v1/book/addBook    2023/03/03 02:30:32 
e93b9518-2a40-4be6-aff2-500aa211e759	POST /api/v1/book/addBook    2023/03/03 02:30:33 
493da927-34e2-48da-9a2b-984d698602f8	POST /api/v1/book/addBook    2023/03/03 02:31:16 
d306ffb4-e8a4-41d2-8b06-f03086a39b73	POST /api/v1/book/addBook    2023/03/03 02:31:21 
36f58d74-54f3-4719-9614-dec668df7514	POST /api/v1/book/addBook    2023/03/03 02:31:23 
243c0dc7-1105-4400-accc-f0f1aed52ec8	POST /api/v1/book/addBook    2023/03/03 02:31:24 
6f9939d0-2049-4e05-8a5b-c84260dc0fc0	POST /api/v1/book/addBook    2023/03/03 02:31:24 
4535eed0-6cd2-4b6c-a5e2-db7f6c58a4df	POST /api/v1/book/addBook    2023/03/03 02:31:25 
65fcd5d2-1c99-4555-8862-f285a5d24c9d	POST /api/v1/book/addBook    2023/03/03 02:31:50 
da98e8c3-ca7e-47ec-b9c8-0cace5c20a9f	POST /api/v1/book/addBook    2023/03/03 02:32:01 
7a596f2f-c1d7-43b3-99b0-53a19eea9d5c	POST /api/v1/book/addBook    2023/03/03 02:32:02 
0b3d366a-9380-414d-8d69-6b8ae359c37b	POST /api/v1/book/addBook    2023/03/03 02:32:05 
b94cd021-7e5a-4576-b8e0-f521607acb50	POST /api/v1/book/addBook    2023/03/03 02:32:08 
04f019cc-24e8-4bf8-9d10-4bce1790fa24	POST /api/v1/book/addBook    2023/03/03 02:32:08 
fbd5f56f-6161-4a9a-ac3b-3e136b6eaa7a	POST /api/v1/book/addBook    2023/03/03 02:32:09 
294e0853-8be5-4d7a-b485-5d0116438c17	POST /api/v1/book/addBook    2023/03/03 02:32:10 
85ad43c9-0654-4ec3-a1a3-32ca6932d7df	POST /api/v1/book/addBook    2023/03/03 02:32:10 
b9b21fff-d76c-4b23-b5f2-39b9fe5a7353	POST /api/v1/book/addBook    2023/03/03 02:32:11 
c1f08cc7-42de-4ebb-ac6e-7f612fe05d97	POST /api/v1/book/addBook    2023/03/03 02:32:12 
160b81da-dc70-40b1-8829-8d9e91a38d8a	POST /api/v1/book/addBook    2023/03/03 02:32:12 
c0e35822-407e-4ef3-987b-168608adec9a	POST /api/v1/book/addBook    2023/03/03 02:32:13 
b30abb00-59ca-48ac-85ed-74cdc48d4162	POST /api/v1/book/addBook    2023/03/03 02:32:13 
4910a625-1fb6-44d0-8f8d-98274420792d	POST /api/v1/book/addBook    2023/03/03 02:32:14 
847198a3-fca4-4d2d-9207-529f6f156887	POST /api/v1/book/addBook    2023/03/03 02:32:15 
86959e5c-15cc-4b16-ba4c-3154d564b6ec	POST /api/v1/book/addBook    2023/03/03 02:32:15 
874f15e9-919d-4b83-a870-6d93e22cfb52	POST /api/v1/book/addBook    2023/03/03 02:32:57 
0cfa0ced-02c2-4b4e-a35d-6bf7dd3051c7	POST /api/v1/book/addBook    2023/03/03 02:33:33 
1268bc82-c6f9-443e-b11c-a1a872efb465	POST /api/v1/book/addBook    2023/03/03 02:33:34 
be415436-5adc-4e74-9eee-399e8895e2af	POST /api/v1/book/addBook    2023/03/03 02:33:35 
57aaa26a-8d60-478f-8056-2f7b4c2e9433	POST /api/v1/book/addBook    2023/03/03 02:33:35 
6a14b0cd-d3ca-4010-bd5e-963827a2e108	POST /api/v1/book/addBook    2023/03/03 02:33:36 
40170f69-a2a3-403a-a2b8-25cada4e48ca	POST /api/v1/book/addBook    2023/03/03 02:33:36 
e3a2d0ac-d7a2-4915-b74b-41bb1a87c9f4	POST /api/v1/book/addBook    2023/03/03 02:33:39 
794b4383-db7f-49a0-94e5-1e68e1acbabc	POST /api/v1/book/addBook    2023/03/03 02:33:39 
62fc80f1-3074-42c5-ba67-ec2726b31a01	POST /api/v1/book/addBook    2023/03/03 02:33:40 
f8c886d2-dedf-4f4c-810b-4f3f778bd200	POST /api/v1/book/addBook    2023/03/03 02:33:41 
307b5abf-00c9-403b-8c23-77b8a8a24241	POST /api/v1/book/addBook    2023/03/03 02:33:41 
1d5a04a8-ba6e-421d-9bb3-8a9ba6aca94b	POST /api/v1/book/addBook    2023/03/03 02:33:42 
1a6dc087-62c6-46e3-acaf-ee0b54f5b826	POST /api/v1/book/addBook    2023/03/03 02:33:43 
0746c849-3f46-4e4e-8e44-4e64452d16e7	POST /api/v1/book/addBook    2023/03/03 02:33:44 
d7942e68-1bd2-4043-a535-07893be4e7fc	POST /api/v1/book/addBook    2023/03/03 02:33:45 
fb77ed11-6778-4c17-87fb-38dcd5654d92	POST /api/v1/book/addBook    2023/03/03 02:33:46 
a06201c5-c056-4894-87eb-daef336ab389	POST /api/v1/book/addBook    2023/03/03 02:33:46 
2b9c8d90-0099-4442-a757-503fb8672654	POST /api/v1/book/addBook    2023/03/03 02:33:47 
2d3c6a64-ad01-4421-ab3d-f4fffc9f5241	POST /api/v1/book/addBook    2023/03/03 02:33:48 
f3bfec21-3b0f-4070-ba38-a2bfe7f6442a	GET /api/v1/user/booksUploadedByUser    2023/03/03 02:35:39 
e794d2d5-37eb-4a84-ab19-d5538bff8ddc	GET /api/v1/user/booksUploadedByUser    2023/03/03 02:36:21 
20d3dd13-6b92-4ff9-a973-725f9e8522ef	POST /api/v1/post/createPost    2023/03/03 02:41:38 
bf8ebbf0-a574-4a96-8cd1-abf5e535233e	POST /api/v1/post/createPost    2023/03/03 02:42:11 
367cbd5b-0399-4776-b60d-144c6d89974d	POST /api/v1/post/createPost    2023/03/03 02:46:40 
8f127c7e-19ec-49b7-beb3-0f7c24e4f22a	POST /api/v1/post/createPost    2023/03/03 02:47:20 
3d7e4de6-b5ac-4972-a809-c6cb1ba5c615	POST /api/v1/post/createPost    2023/03/03 02:47:21 
f81cd354-8262-4a64-a927-8f753a37695f	POST /api/v1/post/createPost    2023/03/03 02:50:19 
2ce53ecf-2fd8-4499-b799-cb4b416ef6d7	POST /api/v1/post/createPost    2023/03/03 02:52:50 
4b013eed-9172-4e0a-b164-fe7d559a4114	POST /api/v1/post/createPost    2023/03/03 02:53:23 
41bc5a99-388e-4023-9129-385c838bda40	POST /api/v1/post/getAllPosts    2023/03/03 02:55:44 
793f14b5-e691-403b-938b-dde823c7056a	GET /api/v1/post/getAllPosts    2023/03/03 02:55:51 
878a85d8-1da1-407f-9222-ab286451b83e	GET /api/v1/post/getAllPosts    2023/03/03 02:57:07 
1a7346df-7063-4658-a52a-8162bb50db67	GET /api/v1/post/deleteAllPosts    2023/03/03 02:59:12 
f0d3a90c-71bf-463b-b116-bf2ce880b9ac	DELETE /api/v1/post/deleteAllPosts    2023/03/03 02:59:17 
88d1022b-57c9-4a93-a53d-6bb8941c34f9	POST /api/v1/book/addBook    2023/03/03 02:59:37 
10c0db1d-09f4-46ab-af60-ce9d43cdd5cf	DELETE /api/v1/post/createPost    2023/03/03 03:00:42 
7ca1d5e5-c8ad-44fa-9947-9d30000f04f6	POST /api/v1/post/createPost    2023/03/03 03:01:01 
2513b627-327d-420f-9b48-79ff395d0423	DELETE /api/v1/post/640112117c9fd3555885f16d    2023/03/03 03:01:41 
c1d6c8ad-7152-4332-80d7-58cf7f009c64	POST /api/v1/user/login    2023/03/03 23:50:27 
7dfdb443-941b-4ee2-b7eb-450e5b4601be	POST /api/v1/user/login    2023/03/03 23:51:52 
ea1744df-0217-4510-9259-4817918b2163	GET /api/v1/user/getMyBooks    2023/03/03 23:56:01 
9bba1b00-1cd4-4e85-8797-3bea2ba15714	GET /api/v1/user/booksUploadedByUser    2023/03/03 23:56:27 
715fb9cb-33cc-485a-a323-8c9bc3e34596	GET /api/v1/user/booksUploadedByUser    2023/03/03 23:57:01 
ca45dcc5-4ad1-4a6d-903a-da7ca31f564a	GET /api/v1/user/booksUploadedByUser    2023/03/03 23:57:32 
74f22540-23cc-41b0-b09c-94df1c7fbe5d	GET /api/v1/user/booksUploadedByUser    2023/03/03 23:57:41 
b7acf58a-a347-4b32-9e60-591fbd872307	POST /api/v1/user/login    2023/03/04 00:48:58 
ef42a799-38e8-4f46-b6a2-22f656535205	POST /api/v1/user/register    2023/03/04 00:50:19 
67e4036d-733a-474c-b81f-78f61f14ea38	POST /api/v1/user/register    2023/03/04 00:52:12 
a4b79ebd-25f0-4844-bfc6-f3db88d76217	POST /api/v1/user/register    2023/03/04 00:53:50 
ddc9a91a-8654-430c-8fcb-c3f2da6c183f	POST /api/v1/user/register    2023/03/04 00:56:36 
308360d8-faf1-4ee2-9247-a8f9806d23d4	POST /api/v1/user/register    2023/03/04 01:02:32 
80c61b23-dd23-40e2-9b27-68052a974073	POST /api/v1/user/register    2023/03/04 01:03:38 
b80f1803-4e9c-474c-a71a-15e25de3b49a	POST /api/v1/user/register    2023/03/04 01:03:51 
cdce5d6f-76a0-4f32-8cf6-cea6596f0a7c	POST /api/v1/user/register    2023/03/04 01:04:49 
fbf74bc4-45fd-43c9-b525-48180bcbb9a9	POST /api/v1/user/register    2023/03/04 01:04:49 
cae46e00-ebb5-4cf7-b655-1e3738090e6b	POST /api/v1/user/register    2023/03/04 01:05:48 
8e4a3f42-5e28-4d87-b8df-18a07d6e2b2d	POST /api/v1/user/register    2023/03/04 01:07:16 
79f264ed-3e43-4a41-b7ec-d98eb2c391ca	POST /api/v1/user/register    2023/03/04 01:07:20 
ae149dd9-3bee-481a-8df3-3e144fb4e8d4	POST /api/v1/user/register    2023/03/04 01:07:44 
41c604ce-b4f8-4828-93db-aa7fee098c61	POST /api/v1/user/register    2023/03/04 01:09:38 
7db3de52-c4c4-4b7a-b67d-238726e043a1	POST /api/v1/user/register    2023/03/04 01:09:51 
985dea77-1307-402a-ae53-416bbe6596d4	POST /api/v1/user/register    2023/03/04 01:09:59 
f3591a7e-2651-4fe0-aad1-7be490c1b794	POST /api/v1/user/register    2023/03/04 01:12:19 
83f8a171-9d66-4849-ae32-72c64dd88829	POST /api/v1/user/login    2023/03/04 01:13:12 
5a6bc913-c3d7-4fa7-9506-77b3c5fa3465	POST /api/v1/user/login    2023/03/04 01:13:20 
6c8e4cbd-5f8f-4d36-abce-581a0e06a6ca	POST /api/v1/user/login    2023/03/04 01:13:50 
a4a54e61-52d0-4297-8161-5ee585d9f5b2	POST /api/v1/user/login    2023/03/04 01:13:52 
619b5eab-b880-4020-bfff-3e44dd37e887	POST /api/v1/user/login    2023/03/04 01:13:53 
89130bb0-54c0-422e-901d-7caa1ec9dd43	POST /api/v1/user/login    2023/03/04 01:13:59 
67c87dc2-0df4-42d0-9aa1-6cf35f247d52	POST /api/v1/user/login    2023/03/04 01:14:00 
32805e02-c41d-46bd-abb6-ea6d21eeb4ee	POST /api/v1/user/login    2023/03/04 01:14:00 
6618c3ab-a3ba-449a-8620-35c5eaa70f24	POST /api/v1/user/login    2023/03/04 01:14:43 
912e9973-04aa-4d15-bc81-7ea9b392f07e	POST /api/v1/user/login    2023/03/04 01:18:39 
b3486bf5-cea1-49fd-8b43-36083fd26e7a	POST /api/v1/user/login    2023/03/04 01:19:18 
a37409a3-7d57-4c94-bc05-f7627f4a02ac	POST /api/v1/user/register    2023/03/04 01:20:25 
0bf45590-4158-45ca-9922-7daede2f67b8	POST /api/v1/user/login    2023/03/04 01:20:39 
958080de-474b-487c-824e-203a8389cc53	POST /api/v1/user/login    2023/03/04 01:35:51 
23d13b13-93e5-4360-a9a8-2d3b4f813ff0	POST /api/v1/user/login    2023/03/04 01:36:00 
42dbd828-8f16-4901-823d-4c54036f3b93	POST /api/v1/user/login    2023/03/04 01:37:42 
f8b7adc0-61b2-4fc5-b89f-f2d421d007be	GET /api/v1/post/getAll    2023/03/04 02:05:20 
d532beb7-fd38-4292-be5a-6d9599f5a88e	POST /api/v1/user/login    2023/03/04 02:06:23 
663be3fd-316c-4152-848e-748dd9028ad3	GET /api/v1/post/getAll    2023/03/04 02:06:25 
6367fb05-d41b-4aad-8006-bedc2877355d	POST /api/v1/user/login    2023/03/04 02:07:27 
22a2fb95-1df1-4cbb-8ba7-f5acfa497a40	GET /api/v1/post/getAllPosts    2023/03/04 02:07:28 
750e397b-ef60-4b18-a10e-48eee64f8408	DELETE /api/v1/post/640112117c9fd3555885f16d    2023/03/04 02:07:53 
5205b777-538c-4ddd-b2ad-c7e28e774541	POST /api/v1/post/640112117c9fd3555885f16d    2023/03/04 02:07:59 
7dd6b3a6-56ef-4e0c-aba9-3e50a0aa056c	POST /api/v1/post/createPost    2023/03/04 02:08:24 
e44f246a-194b-4c5a-a452-19d2bdd0bdf9	POST /api/v1/user/login    2023/03/04 02:08:37 
4088ceb5-6bf6-4fe9-bf57-3999a0fca6cd	GET /api/v1/post/getAllPosts    2023/03/04 02:08:38 
7e072ba7-c504-4f8b-b7cb-1b14ec6c3046	POST /api/v1/user/login    2023/03/04 02:12:52 
0332ebcf-6155-4dc4-ae73-d8745975f372	GET /api/v1/post/getAllPosts    2023/03/04 02:12:53 
a11df5fb-f3d3-4e9a-bcdf-4b21ad625afd	POST /api/v1/user/login    2023/03/04 02:14:33 
25432b79-35bf-43cf-a6c0-cff668876008	GET /api/v1/post/getAllPosts    2023/03/04 02:14:35 
04791c0a-f7dd-4a9f-adf4-22cd1e5d095e	POST /api/v1/user/login    2023/03/04 02:16:35 
13503542-ab00-419b-9e24-47de8a67a0f1	GET /api/v1/post/getAllPosts    2023/03/04 02:16:36 
d81d02b1-dd3a-4adf-8eb1-1075e4f1db88	POST /api/v1/user/login    2023/03/04 02:18:09 
fb1a20c4-d981-4756-813d-92f6e43c65a5	GET /api/v1/post/getAllPosts    2023/03/04 02:18:10 
a94ba094-fa30-4e80-a884-1f675592d653	POST /api/v1/user/login    2023/03/04 02:28:46 
2239369d-599d-4660-909f-6f48ee5fa9af	GET /api/v1/post/getAllPosts    2023/03/04 02:28:48 
ae2adb7e-7c6c-4119-8be8-b1198bf2cfb5	POST /api/v1/user/login    2023/03/04 02:31:54 
b7fa07e2-30c4-49ff-8620-5f314ea90b06	GET /api/v1/post/getAllPosts    2023/03/04 02:31:56 
f1776000-0fc3-467e-acfd-6672d093c32f	POST /api/v1/user/login    2023/03/04 02:33:49 
d1c1fd7f-06b5-414d-9865-30d7c50ff8ee	GET /api/v1/post/getAllPosts    2023/03/04 02:33:50 
9c8dd882-464c-42fd-bf25-73eae611b0e7	POST /api/v1/user/login    2023/03/04 02:34:45 
91a2fddb-a583-4efe-8e98-47a9592a5b0b	GET /api/v1/post/getAllPosts    2023/03/04 02:34:46 
7b587a9d-ac5d-45ee-9774-dcf1a46d4bde	GET /uploads/postImage-1677875004423-113993.png    2023/03/04 02:45:27 
372edc6c-791e-4fb2-a3ec-e60388d9f4b5	GET /uploads/postImage-1677875004423-113993.png    2023/03/04 02:45:44 
a6a01e49-f6df-4c13-8e9f-7dd02eda0d27	GET /uploads/postImage-1677875004423-113993.png    2023/03/04 02:46:00 
178742b2-c1e3-41da-aa24-a25eaa0c7897	GET /uploads/postImage-1677875004423-113993.png    2023/03/04 02:46:34 
d48a06b9-71e7-4f75-b5b7-a830c209014f	GET /uploads/postImage-1677875004423-113993.png    2023/03/04 02:46:47 
0c8b5186-da33-4d9e-a013-672e071047d2	GET /uploads/postImage-1677875004423-113993.png    2023/03/04 02:47:21 
37fbfd78-5dd9-443c-b78a-c0d4243dd805	GET /uploads/postImage-1677875004423-113993.png    2023/03/04 02:47:40 
9971d2c2-fc4f-41a1-9ad8-b4893cd1270a	GET /uploads/postImage-1677875004423-113993.png    2023/03/04 02:47:51 
ac9b8168-c8ea-48ce-8b36-a49e89554795	POST /api/v1/user/login    2023/03/04 02:48:33 
394b7195-633b-4e69-9108-3d91e19cf0ee	GET /api/v1/post/getAllPosts    2023/03/04 02:48:34 
9f20baef-0cef-4e0d-9c0c-a46ff7b0487b	POST /api/v1/user/login    2023/03/04 02:52:47 
fb65d6a0-1adb-4723-98e6-87f1700c8669	GET /api/v1/post/getAllPosts    2023/03/04 02:52:48 
9fb78507-57bf-404f-b72c-2bb2b5fe2841	POST /api/v1/user/login    2023/03/04 02:55:48 
a518e4d3-3022-42fe-9622-9087457b570d	GET /api/v1/post/getAllPosts    2023/03/04 02:55:50 
1f89c434-b9a5-4e37-bc70-d3b498036af9	POST /api/v1/user/login    2023/03/04 02:58:06 
735ee5ef-fe40-47f0-816e-dbe2a650765e	GET /api/v1/post/getAllPosts    2023/03/04 02:58:07 
f9c8aa59-9bfa-499a-922c-52a499e257bd	GET /uploads/postImage-1677875004423-113993.png    2023/03/04 02:58:49 
fa06e2f8-6c96-4dcf-bb9a-7f2ca351fc30	POST /api/v1/user/login    2023/03/04 02:59:00 
c59f2998-3586-410e-9b8a-c175b655ba89	GET /api/v1/post/getAllPosts    2023/03/04 02:59:01 
9fa5dc38-7505-4119-909f-6acc7610903d	GET /uploads/postImage-1677875004423-113993.png    2023/03/04 02:59:01 
6d630df9-01f3-47e6-8bad-e458b186d639	GET /api/v1/post/getAllPosts    2023/03/04 03:03:59 
bf2e3ac9-a65e-4c8a-be99-b21faed2acf1	GET /api/v1/category/getBooksInCategory    2023/03/04 03:06:17 
83903484-08a5-43dc-a900-b9c60654e491	GET /api/v1/category/getBooksInCategory    2023/03/04 03:06:48 
4c790717-c699-4780-95d8-c35d5ba2a393	GET /api/v1/category/getBooksInCategory    2023/03/04 03:07:02 
09e384be-e326-4597-a6b6-ac298398c330	POST /api/v1/category/createCategory    2023/03/04 03:07:08 
decab7cb-76a6-467e-b9f7-1132d9f190a3	POST /api/v1/category/createCategory    2023/03/04 03:07:12 
d0559c51-00fe-4c31-95c0-543694a4177a	POST /api/v1/book/    2023/03/04 03:07:32 
af28d351-d49c-4dd1-a34b-a17facb01476	POST /api/v1/book/addBook    2023/03/04 03:07:52 
0211ecfb-58eb-4d90-ac54-dcbcce55090b	POST /api/v1/book/addBook    2023/03/04 03:08:02 
44f4125a-8ac1-4158-9a67-10e5cb9247fc	POST /api/v1/book/addBook    2023/03/04 03:08:21 
0f193042-f264-4105-9282-0d377e73c6c3	POST /api/v1/book/addBook    2023/03/04 03:08:22 
2f655fd0-c02d-4a61-be66-20c19d396a09	POST /api/v1/book/addBook    2023/03/04 03:08:22 
5976d18a-0bc6-49a0-9b68-1bfec13d1b58	POST /api/v1/book/addBook    2023/03/04 03:08:23 
c6824351-28e5-4384-8477-4a3db8b4860e	POST /api/v1/book/addBook    2023/03/04 03:08:23 
fb713741-41ea-4b70-82a3-ce8d65739430	POST /api/v1/book/addBook    2023/03/04 03:08:28 
8648134c-ab09-4bf9-91c5-00bd11569a89	POST /api/v1/book/addBook    2023/03/04 03:08:29 
9ece4162-8002-402e-8521-50ad35ca8cc8	POST /api/v1/category/getBook    2023/03/04 03:08:51 
14895481-5c51-4fb4-89ce-7e3afd7eed95	GET /api/v1/category/getBooksInCategory    2023/03/04 03:09:00 
564d8b26-24e3-4f08-a29a-f0d3c7a0eeed	GET /api/v1/category/getBooksInCategory    2023/03/04 03:09:19 
bb4acf0b-8097-417d-8620-a8566efc4faf	GET /api/v1/category/getBooksInCategory    2023/03/04 03:09:40 
e2f3772c-ae10-48ac-9f95-236c42c94d42	GET /api/v1/category/getBooksInCategory    2023/03/04 03:09:41 
18bf9e1b-a9c9-4860-b832-2850af505aaa	GET /api/v1/category/getBooksInCategory    2023/03/04 03:09:41 
1f5105d2-ea89-4142-95fe-ba04731664c3	GET /api/v1/category/getBooksInCategory    2023/03/04 03:09:47 
624c36d2-0967-4cf7-ad64-24489d98091a	GET /api/v1/category/getBooksInCategory    2023/03/04 03:10:01 
4f177914-a828-4b37-a23c-0ea5cc061c97	GET /api/v1/category/getBooksInCategory    2023/03/04 03:10:02 
6031eca6-c4c1-4d58-b3aa-d7d82ef6620e	GET /api/v1/category/getBooksInCategory    2023/03/04 03:10:17 
91b492c4-4cf7-4a00-95af-168a974e6940	GET /api/v1/category/getBooksInCategory    2023/03/04 03:10:25 
aaeba71f-cd27-44d9-8ec9-f916728e9686	GET /api/v1/category/getBooksInCategory    2023/03/04 03:10:26 
12cdcffb-7839-45c4-b04b-ad5bff201b34	GET /api/v1/category/getBooksInCategory/640106ad000d434475bd7337    2023/03/04 03:11:22 
34bee24d-7d29-487e-8294-7f332f4ad2f8	POST /api/v1/book/addBook    2023/03/04 03:20:48 
522b698b-a5b9-4ba2-9d62-ce8baa5ee0dd	POST /api/v1/book/addBook    2023/03/04 03:21:18 
90006843-7b27-45a8-abaa-aa321367af8c	POST /api/v1/book/addBook    2023/03/04 03:21:43 
71801703-ab31-40cb-a60e-f696969ba684	GET /api/v1/post/getAllPosts    2023/03/04 03:26:45 
c4b6d090-5779-4723-88eb-6a007eb6b9d8	GET /api/v1/post/getAllPosts    2023/03/04 03:26:52 
8d2c0e0e-3aa5-4e75-8195-df2a39ac6b56	GET /api/v1/post/getAllPosts    2023/03/04 03:28:00 
092e8a6b-118d-49fa-81e4-2fe894dd6e1b	GET /api/v1/category/getBooksInCategory    2023/03/04 03:46:10 
cf40ab4c-9a9f-48f2-b5ab-54ce141955ca	GET /api/v1/category/getBooksInCategory/640268343d565848d3fd4906    2023/03/04 03:47:11 
1dc829af-9a12-49f1-920b-7e66bd091069	GET /api/v1/category/getBooksInCategory/6402686b3d565848d3fd4910    2023/03/04 03:47:55 
6bf0912d-83fb-4557-8e41-7cd04c957aa7	GET /api/v1/category/getBooksInCategory/640106ad000d434475bd7337    2023/03/04 03:48:04 
273eb547-cd12-4fe0-b5e9-28996db7a664	GET /api/v1/category/getBooksInCategory/640106ad000d434475bd7337    2023/03/04 03:50:18 
bc5135b0-6d5e-4326-8365-7147da7bc374	GET /assets/images/profile/    2023/03/04 03:50:54 
61ae9255-fc39-4607-aef2-47bb95f13ca3	GET /assets/images/profile/    2023/03/04 03:51:31 
23e03d00-c8ef-475b-bff6-e490b8136fc1	GET /    2023/03/04 03:51:31 
f2b15a55-ea7f-4676-95ea-c04748b0b70d	GET /api/v1/category/getBooksInCategory/640268343d565848d3fd4906    2023/03/04 03:54:29 
95b8f591-ddbc-49e7-82fa-316bd74fa17d	GET /api/v1/category/getBooksInCategory/640106ad000d434475bd7337    2023/03/04 03:54:33 
c15a6202-b57b-40bd-9c06-59eca4119065	GET /api/v1/category/getBooksInCategory/640268523d565848d3fd490b    2023/03/04 03:55:37 
88eef2c4-d2ab-45e3-bcb0-a76b58dfeec5	GET /api/v1/category/getBooksInCategory/6402686b3d565848d3fd4910    2023/03/04 03:55:45 
bd444f5d-42f8-47b8-9171-509b0ce60aa3	GET /api/v1/category/getBooksInCategory/640268523d565848d3fd490b    2023/03/04 03:57:22 
85f333f2-2bda-48ed-95a2-bfd11ff77c94	GET /api/v1/category/getBooksInCategory/640106ad000d434475bd7337    2023/03/04 03:57:26 
f364ab72-f6a3-4c22-8f90-2f88689def2e	GET /api/v1/category/getBooksInCategory/640268523d565848d3fd490b    2023/03/04 03:57:41 
aa3a9220-b67e-4350-9080-5e3215a23ebe	GET /api/v1/post/getAllPosts    2023/03/04 04:08:55 
9ed65c20-fb81-4614-91a5-35465fb71e52	POST /api/v1/user/login    2023/03/04 04:10:12 
7513961f-cc85-41a0-880d-4b3c24f0a28e	GET /api/v1/post/getAllPosts    2023/03/04 04:10:14 
943ed005-3c38-4785-b954-7e986c3dcc87	GET /uploads/postImage-1677875004423-113993.png    2023/03/04 04:10:14 
30734d62-3094-456b-81fa-2dd4fc4901fe	POST /api/v1/user/login    2023/03/04 04:11:37 
f8a8ec12-c090-46cf-89d5-ab06a922f11c	GET /api/v1/post/getAllPosts    2023/03/04 04:11:38 
19b27817-a272-4d52-b198-9011d7cee4cf	GET /uploads/postImage-1677875004423-113993.png    2023/03/04 04:11:38 
e23315a2-3734-424c-b1ee-b232d7f1d536	POST /api/v1/book/addBook    2023/03/04 04:54:09 
5b0b336e-a3b2-4a31-88ee-fe4822c8c292	POST /api/v1/book/addBook    2023/03/04 05:03:23 
0de44d4e-b8ca-4f63-be1b-953799ec8e1d	POST /api/v1/book/addBook    2023/03/04 05:06:29 
57de3dee-617a-4b60-a7d1-1b9a616e1de3	POST /api/v1/book/addBook    2023/03/04 05:07:39 
0fe547e4-e388-43ad-bb1f-06fac97358c9	GET /api/v1/post/getAllPosts    2023/03/04 05:08:00 
73977cd2-2524-4b9d-ae22-0bcca2a6dcc9	GET /uploads/postImage-1677875004423-113993.png    2023/03/04 05:08:00 
72a270e4-ac5e-40d8-8fd1-202c3e2f71a1	GET /api/v1/category/getBooksInCategory/640106ad000d434475bd7337    2023/03/04 05:08:05 
4e3770fa-3e94-4570-bb89-83080ff6517e	GET /api/v1/post/getAllPosts    2023/03/04 05:33:40 
8b859c0d-037b-4293-9678-bf662d92ecf5	GET /api/v1/post/getAllPosts    2023/03/04 05:34:01 
999d4662-e6bc-4a87-a3f8-480f02d010d4	GET /api/v1/post/getAllPosts    2023/03/04 05:34:05 
94b5dc87-9054-4389-afb2-3dedf84574a1	GET /api/v1/post/getAllPosts    2023/03/04 05:34:44 
70794e90-fabb-436e-8317-7f8caf51156f	GET /api/v1/post/getAllPosts    2023/03/04 05:34:49 
980407d8-544d-4511-a334-ebabbaef7ce1	GET /api/v1/category/getBooksInCategory/6402686b3d565848d3fd4910    2023/03/04 05:34:53 
0f9be9f0-36e6-4be5-9e94-71c50fdd0dff	GET /api/v1/category/getBooksInCategory/640106ad000d434475bd7337    2023/03/04 05:35:04 
2f372d5e-26f8-48a2-a46b-691697e7971a	GET /api/v1/post/getAllPosts    2023/03/04 05:35:31 
9ed50fb8-cec9-4d58-a6e6-1fce2eb24ef9	POST /api/v1/user/login    2023/03/04 05:40:04 
ccb0e342-4d46-42d3-9db1-a4ed1215095f	GET /api/v1/post/getAllPosts    2023/03/04 05:40:06 
6dd5924a-22e9-4d20-91ab-507bd7f56cc9	GET /uploads/postImage-1677875004423-113993.png    2023/03/04 05:40:06 
bc4153a8-1cc8-4cce-adaa-4310d926acbe	GET /api/v1/post/getAllPosts    2023/03/04 05:40:38 
124c8e76-3bd0-456e-8128-9c28301ce204	GET /api/v1/category/getBooksInCategory/640268343d565848d3fd4906    2023/03/04 05:42:56 
f4f706c0-ccc1-4f47-ac21-299d33c897ff	GET /api/v1/category/getBooksInCategory/640106ad000d434475bd7337    2023/03/04 05:43:08 
d6a113d9-3227-4d1c-9318-0def4c33d54e	GET /api/v1/category/getBooksInCategory/640268523d565848d3fd490b    2023/03/04 05:43:18 
848dc3f5-4db3-4eb7-8d60-cb62f498b99c	GET /api/v1/category/getBooksInCategory/6402686b3d565848d3fd4910    2023/03/04 05:43:21 
f33638dc-022e-4c17-a3b2-5d14c56c3870	GET /api/v1/category/getBooksInCategory/640268343d565848d3fd4906    2023/03/04 05:43:26 
9a5396c6-ec5c-4953-9c15-63504590cb0a	GET /api/v1/post/getAllPosts    2023/03/04 05:43:32 
5701259d-d397-42a6-b1f8-3786df6d4e70	GET /api/v1/post/getAllPosts    2023/03/04 05:43:53 
c9abd636-1ba1-4612-b950-c91468bd4c44	POST /api/v1/user/login    2023/03/04 05:48:40 
c4c6e66c-8d53-4aba-88d1-cd892bedab93	GET /api/v1/post/getAllPosts    2023/03/04 05:48:41 
2db1c745-5d9e-4234-933f-9c7669de2e3a	GET /uploads/postImage-1677875004423-113993.png    2023/03/04 05:48:41 
ab6d8b3c-f62b-4b99-9b4d-fb94e139d918	GET /api/v1/post/getAllPosts    2023/03/04 05:48:59 
18e72628-aca4-4044-959f-656b36c5bce4	GET /api/v1/post/getAllPosts    2023/03/04 05:49:05 
f4a90621-5f27-484d-ad31-91d929d79e27	GET /api/v1/category/getBooksInCategory/640106ad000d434475bd7337    2023/03/04 05:49:25 
6657d5fd-ee1a-4bc2-b18e-c7fd7f9328ab	GET /api/v1/post/getAllPosts    2023/03/04 05:49:42 
0649adfe-40a5-41cd-8559-dd6a7b6f0a5a	POST /api/v1/user/login    2023/03/04 05:50:39 
88bfc3d4-29ab-488a-8402-0674863f7435	GET /api/v1/post/getAllPosts    2023/03/04 05:50:41 
bd40982d-070b-40cc-9473-2a78a0224ad4	GET /uploads/postImage-1677875004423-113993.png    2023/03/04 05:50:41 
69fdf173-ed22-43b5-be09-5a5ed908d7dd	GET /api/v1/post/getAllPosts    2023/03/04 05:52:13 
37654bbf-8161-4dbf-a269-32a623fe5e22	GET /api/v1/category/getBooksInCategory/6402686b3d565848d3fd4910    2023/03/04 05:53:05 
05c59183-a9cc-4750-866c-335bcfbbab27	GET /api/v1/post/getAllPosts    2023/03/04 05:53:08 
31ac0cc5-8580-4217-b534-1ade8756b571	GET /api/v1/post/getAllPosts    2023/03/04 05:53:22 
323d611e-ad3d-442e-a1ba-d5ae4bdfbb0b	POST /api/v1/user/login    2023/03/04 08:27:07 
11fda605-90c4-4589-8482-ad1d4280a3d7	POST /api/v1/user/login    2023/03/04 08:28:46 
f754f7d7-2ff7-497a-ae21-a1dc268f1079	GET /api/v1/post/getAllPosts    2023/03/04 08:28:48 
8428ac09-8f84-420a-a51e-3eda805fbe2f	GET /uploads/postImage-1677875004423-113993.png    2023/03/04 08:28:48 
ab41caec-4502-41b0-bc91-edb98dafe2f9	POST /api/v1/user/login    2023/03/04 09:06:08 
50f5a099-b4ae-4b26-b974-a95a2326f96b	GET /api/v1/post/getAllPosts    2023/03/04 09:06:09 
bd1025c3-1561-4541-8b3f-b5648be3b2e4	GET /uploads/postImage-1677875004423-113993.png    2023/03/04 09:06:09 
b06594c7-050f-4aea-b545-2ce63d2853e8	GET /api/v1/post/getAllPosts    2023/03/04 09:06:20 
807c0972-2914-40fe-8ce8-d6f08dc9a13f	GET /api/v1/post/getAllPosts    2023/03/04 09:06:48 
1cd27e83-b6d1-48c3-9dd0-03f19ae548f8	POST /api/v1/user/login    2023/03/04 09:26:22 
6086e2c0-e822-41f0-b569-79f8a5e9d392	GET /api/v1/post/getAllPosts    2023/03/04 09:26:23 
99d17ded-8a14-47c6-93a0-81da580edfaf	POST /api/v1/user/login    2023/03/04 09:26:40 
0e78f932-c5d1-4ad8-a6ac-80eb9ed6b55e	GET /api/v1/post/getAllPosts    2023/03/04 09:26:41 
6f54ba50-37c9-4404-8202-1aa6d479adf2	POST /api/v1/user/login    2023/03/04 09:26:59 
548bc042-08c2-4b19-a823-3beb46f58057	GET /api/v1/post/getAllPosts    2023/03/04 09:27:00 
5221e930-34af-4362-beb4-45d4bf9a39da	GET /uploads/postImage-1677875004423-113993.png    2023/03/04 09:27:47 
7af3d0b9-258e-4543-92d2-3ff28e1d3ecd	POST /api/v1/user/login    2023/03/04 09:32:03 
a5541e2f-2a3d-4a4f-9bdd-47c568419ec5	GET /api/v1/post/getAllPosts    2023/03/04 09:32:05 
028d757f-75ea-4970-b8e2-33ac498aa5ad	GET /uploads/postImage-1677875004423-113993.png    2023/03/04 09:32:05 
0711b028-bc30-4207-893e-2e30b1f599d1	POST /api/v1/user/login    2023/03/04 09:40:24 
874659ce-2c9d-428c-88f7-3633ddeda8fb	GET /api/v1/post/getAllPosts    2023/03/04 09:40:25 
7e240633-dab0-4fd8-ba97-b68b21d09701	POST /api/v1/user/login    2023/03/04 09:40:37 
2cbf493f-78fd-4f2c-9ade-a7343c3b314e	GET /api/v1/post/getAllPosts    2023/03/04 09:40:39 
199fc387-8362-417d-94a8-016ca7213c0d	POST /api/v1/user/login    2023/03/04 09:41:14 
c784fdd8-81da-4320-bbdb-3939b7b8073e	GET /api/v1/post/getAllPosts    2023/03/04 09:41:15 
1172154a-9926-49c1-9f7a-a4a57cbc845e	GET /uploads/postImage-1677875004423-113993.png    2023/03/04 09:41:16 
7d699bdf-ee74-4b2b-b0e5-0b218d8fa061	POST /api/v1/user/login    2023/03/04 09:41:30 
f85a716a-33a7-4b2d-940c-e278be935497	GET /api/v1/post/getAllPosts    2023/03/04 09:41:31 
c14c06c0-2c91-4162-9632-2e1a647c77b0	POST /api/v1/user/login    2023/03/04 09:41:40 
87b53b0d-c921-4f0d-b192-5cdf031ad558	GET /api/v1/post/getAllPosts    2023/03/04 09:41:42 
a16ffa93-910b-4c7a-b3d1-c0024d7f9ca4	GET /api/v1/post/getAllPosts    2023/03/04 09:42:08 
ee94f278-e1c6-4aa0-8b2c-e0949bc0bfe4	GET /uploads/postImage-1677875004423-113993.png    2023/03/04 09:42:09 
e794165a-4110-4d18-91b0-fe85d7fa0922	POST /api/v1/book/addBook    2023/03/04 09:45:54 
2f77612b-ea76-4d27-9f96-d3c4360da496	GET /api/v1/post/getAllPosts    2023/03/04 09:49:16 
41868482-9992-428f-b85f-db6f3707c47b	GET /uploads/postImage-1677875004423-113993.png    2023/03/04 09:49:17 
c6a5b62c-6739-42f0-b4d8-ec71d3b53f14	GET /api/v1/post/getAllPosts    2023/03/04 09:49:37 
420d79ef-2645-4234-bf85-80b6cfaf19a4	GET /api/v1/post/getAllPosts    2023/03/04 09:49:44 
e1a91f17-7591-4133-ac0b-06557e6d2456	GET /api/v1/post/getAllPosts    2023/03/04 09:53:38 
160710c2-63c1-48dd-8816-b5ad4e7f9383	GET /uploads/postImage-1677875004423-113993.png    2023/03/04 09:53:38 
f6ffb87b-356f-4bd8-981e-380c737206e9	GET /api/v1/post/getAllPosts    2023/03/04 09:53:42 
6b16647b-35e3-47f5-a0cc-7201556eb591	POST /api/v1/user/login    2023/03/04 09:56:58 
985b7c36-9e6f-470c-b107-8b623a78a7c5	GET /api/v1/post/getAllPosts    2023/03/04 09:57:00 
16a22874-e252-4bcd-a247-c2d92354c78d	GET /uploads/postImage-1677875004423-113993.png    2023/03/04 09:57:00 
e649770d-c4bb-4df5-a133-ccb90cb06378	GET /api/v1/post/getAllPosts    2023/03/04 09:57:06 
30207b56-65b4-4ba4-8bbc-d309aa0d625b	POST /api/v1/user/login    2023/03/04 10:12:52 
b44e5f72-945b-458e-ba04-fc1a73e9d95b	GET /api/v1/post/getAllPosts    2023/03/04 10:12:54 
1abcf005-83dd-477b-b130-06d5290e30b3	GET /uploads/postImage-1677875004423-113993.png    2023/03/04 10:12:55 
e6622a7d-07dd-45ba-b429-ce23e9268a67	POST /api/v1/user/login    2023/03/04 10:15:06 
80fc310b-ca6d-44b0-b9f6-ac69c726453b	GET /api/v1/post/getAllPosts    2023/03/04 10:15:07 
5c08fbed-4162-4092-b68a-b0bd7c36cf61	GET /uploads/postImage-1677875004423-113993.png    2023/03/04 10:15:08 
f44b23a2-7691-4fff-99e6-5b7edf292b80	GET /api/v1/post/getAllPosts    2023/03/04 10:21:15 
fa090d12-dfad-4749-bc9f-052bc6aad212	GET /uploads/postImage-1677875004423-113993.png    2023/03/04 10:21:15 
35bd7505-ab6f-4378-9dd7-892f0f28c532	POST /api/v1/user/login    2023/03/04 14:21:23 
2ae3fdee-ca59-4ee4-ae55-62c0d9ce8cea	GET /api/v1/post/getAllPosts    2023/03/04 14:21:24 
08dbbb5a-c477-4dba-9d3d-d3bfe73c570e	GET /uploads/postImage-1677875004423-113993.png    2023/03/04 14:21:24 
d9495db0-df66-4f81-936c-65e7f94f40ca	GET /api/v1/category/getBooksInCategory/640106ad000d434475bd7337    2023/03/04 14:21:49 
e44b99d8-9a77-48f9-a03c-b7025b2cc6be	GET /api/v1/category/getBooksInCategory/640106ad000d434475bd7337    2023/03/04 14:22:38 
e8c11d2e-eac0-4b68-b5e1-14ba33b7cd80	POST /api/v1/book/addBook    2023/03/04 14:24:01 
459e621a-2f7c-4fd8-8ebb-edac49fdf0ad	POST /api/v1/user/login    2023/03/04 14:53:47 
d3206bcd-d42e-4864-8a9f-6a463bbf7336	GET /api/v1/post/getAllPosts    2023/03/04 14:53:48 
7c7a660a-030d-4351-9f3b-68ce8fbf7060	GET /uploads/postImage-1677875004423-113993.png    2023/03/04 14:53:49 
9f57e54d-f700-4c37-b605-983ebc249a31	GET /api/v1/category/getAllCategories    2023/03/04 14:53:53 
bc172306-8553-4a8f-a8a9-1ea43522a24e	POST /api/v1/user/login    2023/03/04 14:54:49 
d4c5f5bf-525d-4c36-b825-5c9b19ee5708	GET /api/v1/post/getAllPosts    2023/03/04 14:54:51 
9fd7f1c9-38c4-4c24-9d74-dbbb25bbd188	GET /uploads/postImage-1677875004423-113993.png    2023/03/04 14:54:51 
f5a9d14f-17cc-4fe8-917d-1429bc62765d	GET /api/v1/category/getAllCategories    2023/03/04 14:54:53 
17febe2c-2f3d-4a89-b848-c67889f43e43	POST /api/v1/user/login    2023/03/04 14:56:13 
ccadd494-aad6-4133-be00-982a2b2dd702	GET /api/v1/post/getAllPosts    2023/03/04 14:56:14 
3df61498-c026-4e61-b844-83bb0c79f310	GET /uploads/postImage-1677875004423-113993.png    2023/03/04 14:56:14 
456f17d8-18c5-4369-8761-d99943fc5ad1	GET /api/v1/category/getAllCategories    2023/03/04 15:13:00 
ca93f51c-4c29-476a-8769-fd338bfb9795	POST /api/v1/user/login    2023/03/04 15:16:19 
4cb396bd-37c4-47ce-ae98-bc45c9587e41	GET /api/v1/post/getAllPosts    2023/03/04 15:16:21 
7a0a9591-d52b-4e78-8147-4e469531e349	GET /uploads/postImage-1677875004423-113993.png    2023/03/04 15:16:21 
d2a3b4f9-6033-48c6-9d88-52874c12d4f0	POST /api/v1/user/login    2023/03/04 15:26:28 
496270d0-0a39-4866-8eb7-e2cbeb37ba12	GET /api/v1/post/getAllPosts    2023/03/04 15:26:29 
0f34964e-d59f-4e16-a269-05b56cbf44ba	GET /uploads/postImage-1677875004423-113993.png    2023/03/04 15:26:29 
91e5f9a7-5999-4bcd-90ba-627fc0da98c9	POST /api/v1/book/addBook    2023/03/04 15:26:53 
d8a714e0-b4af-456e-912a-9c200aaabff5	POST /api/v1/user/login    2023/03/04 15:39:24 
ba66452c-a23b-46b5-9415-db406218ce8c	GET /api/v1/post/getAllPosts    2023/03/04 15:39:26 
d89bc6d6-7137-406b-83b1-ba15f85217f2	GET /api/v1/category/getBooksInCategory/640268343d565848d3fd4906    2023/03/04 15:39:38 
75cd7d31-b322-47c4-ad6d-f76bdb184f41	POST /api/v1/user/login    2023/03/04 15:52:08 
928b55c7-41ad-4bcc-8db0-324daf11674b	GET /api/v1/post/getAllPosts    2023/03/04 15:52:10 
61b326ee-ad54-47ef-b881-9cd95137873c	GET /api/v1/category/getBooksInCategory/640106ad000d434475bd7337    2023/03/04 15:52:17 
dd18ca62-e524-48c5-9498-9bbf4642046d	GET /api/v1/category/getBooksInCategory/640106ad000d434475bd7337    2023/03/04 15:52:31 
d9048acb-ceb1-4218-ab50-d6838c632afa	POST /api/v1/user/login    2023/03/04 16:03:35 
ea0bb9dc-2692-40be-9c30-433151bae022	GET /api/v1/post/getAllPosts    2023/03/04 16:03:37 
ac3bce66-ff47-4127-9485-c6ab0afee276	GET /api/v1/post/getAllPosts    2023/03/04 16:03:45 
75f231f2-954e-49a4-9a7c-7151a299ac53	GET /api/v1/category/getBooksInCategory/640106ad000d434475bd7337    2023/03/04 16:03:48 
501cbc3c-2514-44cc-87bf-525c35864fa0	GET /api/v1/category/getBooksInCategory/640106ad000d434475bd7337    2023/03/04 16:04:03 
906a9459-c4c9-48ec-b20f-5527d0f6c120	GET /api/v1/category/getBooksInCategory/640268523d565848d3fd490b    2023/03/04 16:04:05 
97acc290-d44a-4bec-b056-60966c795c74	GET /api/v1/category/getBooksInCategory/6402686b3d565848d3fd4910    2023/03/04 16:04:07 
7af72541-5d9a-4cbf-a1b5-dc91680d1de1	GET /api/v1/post/getAllPosts    2023/03/04 16:05:03 
1ea5c227-24fd-4d79-8969-6055cab2dff1	GET /api/v1/post/getAllPosts    2023/03/04 16:07:34 
afae06d3-d048-46e6-95d7-fe9d629b973b	POST /api/v1/user/login    2023/03/04 16:09:26 
9bd7f69f-c16e-460a-aa47-40bbf1dc9643	GET /api/v1/post/getAllPosts    2023/03/04 16:09:28 
37b01a94-b457-499e-845b-2ddb2dd2a944	GET /uploads/postImage-1677875004423-113993.png    2023/03/04 16:09:28 
b00b4e3b-e7f3-43cf-93e3-1f322aa4be66	POST /api/v1/book/addBook    2023/03/04 16:09:58 
80e009e2-073b-4a18-bb38-019feeee4ac2	GET /api/v1/category/getBooksInCategory/640268343d565848d3fd4906    2023/03/04 16:10:03 
8ec1918a-da20-4584-9146-3ec5e434c4ca	GET /api/v1/category/getBooksInCategory/640106ad000d434475bd7337    2023/03/04 16:10:16 
373f4292-e3c3-4439-974e-fb7386ec2220	POST /api/v1/book/addBook    2023/03/04 16:11:13 
f4e85d70-e666-4bc8-aae1-8d0fe4e16df2	GET /api/v1/category/getBooksInCategory/640268523d565848d3fd490b    2023/03/04 16:11:18 
514b3516-f032-4942-90ca-f4723686c3a2	GET /api/v1/category/getBooksInCategory/640106ad000d434475bd7337    2023/03/04 16:11:21 
dd571790-1bca-4d38-9a68-756a00af52de	POST /api/v1/book/addBook    2023/03/04 16:12:15 
869a2c63-296f-4d1c-9f69-c906fff1d940	GET /api/v1/category/getBooksInCategory/640106ad000d434475bd7337    2023/03/04 16:12:38 
df70f3ba-bdbb-4735-af3b-7923d1c01b62	POST /api/v1/user/login    2023/03/04 16:14:25 
1aca9f42-975d-4819-b4ff-d5125fd070a6	GET /api/v1/post/getAllPosts    2023/03/04 16:14:26 
5e724508-3c5d-4eed-871f-78edb0c5b881	GET /uploads/postImage-1677875004423-113993.png    2023/03/04 16:14:27 
6712eb90-1648-4bab-82b3-3a3c945a1c53	POST /api/v1/book/addBook    2023/03/04 16:14:53 
94b2d7c6-e158-4367-8424-c28bd8a16c31	GET /api/v1/category/getBooksInCategory/640106ad000d434475bd7337    2023/03/04 16:14:59 
f8de420c-4e6b-4286-a086-ee457f54ad7e	POST /api/v1/book/addBook    2023/03/04 16:15:26 
b8438265-88a1-4b98-a2cd-697de41c2481	POST /api/v1/user/login    2023/03/04 16:16:37 
1c9cf048-d0f7-4c90-9ab0-995889decf06	GET /api/v1/post/getAllPosts    2023/03/04 16:16:39 
f025e276-2d5f-4ec5-af51-4eabbb9a2f0d	GET /uploads/postImage-1677875004423-113993.png    2023/03/04 16:16:39 
cf4a1dbd-8417-41e9-9f4d-7c6839f6589d	POST /api/v1/book/addBook    2023/03/04 16:16:55 
d022e9ef-754d-4dc1-a6c9-9369fcfec022	GET /api/v1/category/getBooksInCategory/640106ad000d434475bd7337    2023/03/04 16:16:59 
92685f1f-81f8-40e0-baaf-fe52b190abc0	POST /api/v1/book/addBook    2023/03/04 16:17:35 
8542edfe-2485-492e-b3f2-d28e8662232a	GET /api/v1/post/getAllPosts    2023/03/04 16:21:40 
7c0e6bcc-c1e1-4d65-9e22-609ac0b99aa8	GET /uploads/postImage-1677875004423-113993.png    2023/03/04 16:21:41 
b98a622a-db73-421e-8a2e-efa826e9df48	POST /api/v1/user/login    2023/03/04 16:23:35 
a8f630d2-0045-4bb8-9d9e-b5728cb72c9a	GET /api/v1/post/getAllPosts    2023/03/04 16:23:37 
e4904996-aad4-44e0-a16c-6896a8fd730b	GET /uploads/postImage-1677875004423-113993.png    2023/03/04 16:23:37 
0f168132-905a-4d75-9f86-73ea2ab66d2e	POST /api/v1/book/addBook    2023/03/04 16:23:56 
f2caaffe-5468-41d7-a7ce-460b9d83e004	GET /api/v1/category/getBooksInCategory/640106ad000d434475bd7337    2023/02/16 17:19:56 
2c2f8336-ba91-4750-a2f8-a7af01a527a5	GET /api/v1/post/getAllPosts    2023/03/04 17:22:07 
9e13e461-66d7-4dc4-a651-7b08bc92e1d5	GET /uploads/postImage-1677875004423-113993.png    2023/03/04 17:22:07 
7ff13632-1677-4f43-befb-092b0022f371	GET /api/v1/post/getAllPosts    2023/03/04 17:23:04 
241d7054-392a-45aa-97b8-db28acac7621	GET /api/v1/post/getAllPosts    2023/03/04 17:23:25 
d322ee56-3d50-42a2-a285-79615d3c357f	GET /api/v1/post/getAllPosts    2023/03/04 17:23:47 
1787ac2b-3162-4f73-9cd7-5a046168a69f	GET /api/v1/post/getAllPosts    2023/03/04 17:24:00 
445f5b27-a2ff-492a-ac2e-2d6ffaacc047	GET /api/v1/post/getAllPosts    2023/03/04 17:24:06 
59e263f8-a2ff-4960-839c-a42110356b3a	GET /api/v1/post/getAllPosts    2023/03/04 17:24:14 
363b0965-ae8c-46ee-b7f0-a6db40b14e58	GET /api/v1/post/getAllPosts    2023/03/04 18:12:45 
87a0c494-f24b-4f12-879a-e49d5523cf09	POST /api/v1/user/login    2023/03/04 18:14:08 
65940096-c903-4433-8ba2-47389a3b7dde	POST /api/v1/user/register    2023/03/04 18:15:35 
ab5c3dda-6f43-4d20-80b1-eed834edc2f1	POST /api/v1/user/login    2023/03/04 18:15:44 
506ea8d9-3c18-4556-8007-46925c28c138	GET /api/v1/post/getAllPosts    2023/03/04 18:15:46 
a128694c-0050-4c25-8912-c417b858e1a5	POST /api/v1/post/createPost    2023/03/04 18:16:04 
b482595d-fa9e-4970-a3a5-82e46b5bcf06	POST /api/v1/user/login    2023/03/04 18:16:20 
82f12b19-07b5-42c2-a426-95490dfce00d	POST /api/v1/post/createPost    2023/03/04 18:16:45 
5fa01cbf-7f20-42e4-bbf6-08377e983a57	GET /api/v1/post/getAllPosts    2023/03/04 18:16:54 
4cc85c61-7db7-45ca-b707-91990823662b	GET /uploads/postImage-1677933105795-615061.png    2023/03/04 18:16:54 
f74c6add-7e58-474d-9f41-7fc1f450ce53	GET /api/v1/post/getAllPosts    2023/03/04 18:17:00 
cb136eb4-6571-4923-9a3d-292f5e3686d3	GET /api/v1/post/getAllPosts    2023/03/04 18:17:20 
35d7ee09-29c4-47c7-b587-7c54cbb8d445	GET /api/v1/post/getAllPosts    2023/03/04 18:17:45 
9b9ff39f-57f5-4825-b283-fa75d1b4beb0	GET /api/v1/post/getAllPosts    2023/03/04 18:24:07 
e7ba9b40-53d4-41c1-afee-c8035f761bcb	GET /api/v1/post/getAllPosts    2023/03/04 18:25:19 
97f8d820-b406-4714-9cf9-d40c648a463f	GET /api/v1/post/getAllPosts    2023/03/04 18:25:21 
d6d4ae88-6019-4756-af10-236ae15b029a	GET /api/v1/post/getAllPosts    2023/03/04 18:25:50 
16a954a1-226a-41c7-ba1f-a37c8f1c7d95	GET /api/v1/category/getBooksInCategory    2023/03/04 18:34:37 
e41b26a8-9e99-4fec-bf4c-f85afc09c067	GET /api/v1/category/create    2023/03/04 18:34:49 
604bf0d9-afab-4f80-9762-308f3e10ee27	GET /api/v1/category/createCategory    2023/03/04 18:34:54 
23ecb2ee-ffc5-4b19-9f08-c457937c3885	POST /api/v1/category/createCategory    2023/03/04 18:36:26 
86cf4431-5793-44f3-8310-6f2f7e3814e8	POST /api/v1/category/createCategory    2023/03/04 18:36:29 
c61e1f4a-fc69-411a-9f8d-dd985cd01a7e	POST /api/v1/category/createCategory    2023/03/04 18:36:32 
cb99115e-0900-42bd-9205-6b9ecbdb50f9	POST /api/v1/category/createCategory    2023/03/04 18:36:35 
ca9eb53f-a9bc-44e1-bbd3-b603267a1672	DELETE /api/v1/post/deleteAllPosts    2023/03/04 18:37:16 
3517b34d-6dd9-464c-aece-4ba6ccd16a2a	POST /api/v1/user/login    2023/03/04 19:02:18 
57fb693c-0cf8-4f07-aa12-f834cd10dd6d	GET /api/v1/post/getAllPosts    2023/03/04 19:02:19 
b395631a-e59f-46c6-8c71-c25543e151cd	POST /api/v1/post/createPost    2023/03/04 19:02:33 
207f48d5-7173-4a90-9483-6b43c9f1ea43	GET /api/v1/post/    2023/03/04 19:02:36 
88218d61-d961-480e-b88c-0053a3061759	POST /api/v1/post/createPost    2023/03/04 19:02:50 
f53ec6b1-8c65-44b1-b8dd-e2e0c671420c	POST /api/v1/post/createPost    2023/03/04 19:03:05 
2caef12a-65d9-4529-8131-100771affe81	GET /api/v1/post/getAllPosts    2023/03/04 19:03:19 
342a8ee3-a48e-427d-850d-4420241eb5e9	GET /uploads/postImage-1677935853356-574660.jpg    2023/03/04 19:03:20 
a0e87a16-631d-4ffe-9d45-d2d08d4e5d82	GET /uploads/postImage-1677935885617-190921.jpg    2023/03/04 19:03:20 
eba7b1a8-3dda-4170-8399-272e4e43fb6d	POST /api/v1/book/addBook    2023/03/04 19:04:19 
dd455dbe-408c-4575-8cf2-5e6fc5c91b79	GET /api/v1/category/getBooksInCategory/6402686b3d565848d3fd4910    2023/03/04 19:04:22 
b1d04a9a-8b00-42fb-b582-40c151716559	GET /api/v1/category/getBooksInCategory/6402686b3d565848d3fd4910    2023/03/04 19:04:25 
b9fc20cc-c3e1-42de-96f2-b2ae156b6247	GET /api/v1/category/getBooksInCategory/6402686b3d565848d3fd4910    2023/03/04 19:04:28 
1ab070a9-25f5-4a44-b211-31d6edab9f2e	GET /api/v1/category/getBooksInCategory/640268343d565848d3fd4906    2023/03/04 19:04:29 
a00f905b-5c2e-44c8-9e81-9beb3f56e948	GET /api/v1/category/getBooksInCategory/640268523d565848d3fd490b    2023/03/04 19:04:31 
c1d41d3a-96d5-44f1-924a-123907d50152	GET /api/v1/category/getBooksInCategory/640106ad000d434475bd7337    2023/03/04 19:04:32 
765576de-d29f-4999-9ce6-ce1fcbb7ab55	GET /api/v1/category/getBooksInCategory/6402686b3d565848d3fd4910    2023/03/04 19:04:35 
5e9667fc-2688-4dea-906b-d1e346da9bc5	GET /api/v1/category/getBooksInCategory/6402686b3d565848d3fd4910    2023/03/04 19:04:38 
f9e43fa2-95ee-4f93-be13-e1a6c21292ce	GET /api/v1/post/getAllPosts    2023/03/04 19:04:42 
f29a7851-45ad-445b-91f6-c8fd8b1f6d80	GET /uploads/postImage-1677935885617-190921.jpg    2023/03/04 19:04:42 
1432f2a9-c4b1-4fed-8b0d-4c9403e5bb0a	GET /uploads/postImage-1677935853356-574660.jpg    2023/03/04 19:04:42 
1ae4b332-d8b8-436d-ad1a-4e687daae03a	GET /api/v1/post/getAllPosts    2023/03/04 19:04:59 
f1952941-31ee-4ba1-ad74-2f77d51ea737	GET /uploads/postImage-1677935885617-190921.jpg    2023/03/04 19:05:00 
de288a5c-2952-4867-92c7-52a67a02af07	GET /uploads/postImage-1677935853356-574660.jpg    2023/03/04 19:05:00 
2b333abe-1605-4ae8-8806-2563a095204a	GET /api/v1/post/getAllPosts    2023/03/04 19:05:02 
ea504ebf-a77f-4465-9c2b-294c0908ce1c	GET /uploads/postImage-1677935853356-574660.jpg    2023/03/04 19:05:02 
dc276c88-db82-4395-8f03-713f73e2c0f4	GET /api/v1/post/getAllPosts    2023/03/04 19:06:19 
066ca620-2e3e-4ab6-a0fa-4b46d1447e0a	GET /uploads/postImage-1677935853356-574660.jpg    2023/03/04 19:06:19 
01e98da1-971f-47c2-8d01-c4c407d45874	GET /uploads/postImage-1677935885617-190921.jpg    2023/03/04 19:06:19 
b19cd485-c7f2-46c4-9a35-c2698014515f	GET /api/v1/post/getAllPosts    2023/03/04 19:06:39 
1bdf2f74-10d0-422a-b380-c0493c727e1e	GET /uploads/postImage-1677935885617-190921.jpg    2023/03/04 19:06:39 
4587ff2a-bf76-484b-9c10-67e44eb4a38a	GET /uploads/postImage-1677935853356-574660.jpg    2023/03/04 19:06:39 
65164714-916f-45c3-9f5f-5f2eb8f6a645	POST /api/v1/user/login    2023/03/04 19:10:07 
e0968c16-7fe9-4856-a8f1-dd873aadcd46	POST /api/v1/user/login    2023/03/04 19:10:12 
8cabac39-60d0-48e2-923d-96d11349bf3d	GET /api/v1/post/getAllPosts    2023/03/04 19:10:14 
dd67780a-59d9-4df9-8092-7cd43be6a513	GET /uploads/postImage-1677935885617-190921.jpg    2023/03/04 19:10:14 
ccae47bb-912b-4571-a0de-53dec1a41774	GET /uploads/postImage-1677935853356-574660.jpg    2023/03/04 19:10:14 
38db3736-66be-4f5a-932a-18bd0d769c26	GET /api/v1/user/booksUploadedByUser    2023/03/06 17:09:41 
22360fd9-7a15-428f-8683-7cb962af8965	POST /api/v1/book/addBook    2023/03/06 17:15:02 
948af28c-d71b-4cba-a2a0-a1fb8f3b9b15	POST /api/v1/user/login    2023/03/06 17:15:07 
75bf2bdf-d3c8-4d13-b043-0bf2877a7a97	POST /api/v1/user/register    2023/03/06 17:15:11 
49eef935-3880-44fd-839c-40db7f83bc57	POST /api/v1/user/login    2023/03/06 17:15:14 
5c54a105-e8d3-4ec3-9053-6af6ed02cc23	POST /api/v1/book/addBook    2023/03/06 17:15:51 
489c723a-5523-4cf8-ba31-743d1f49ff0a	GET /ws    2023/03/06 23:28:17 
dad371c3-3367-4dcf-9690-d7cdfe7fc0b4	GET /ws    2023/03/06 23:28:50 
675d43aa-5ee9-48e3-9235-84a2e252fd92	POST /api/v1/user/register    2023/03/06 23:29:21 
af603dda-e0ae-4c92-b7c8-ae6e393ab5fd	POST /api/v1/user/login    2023/03/06 23:29:28 
df3de328-fe03-4146-80fd-f79f4904927d	POST /api/v1/category/createCategory    2023/03/06 23:29:42 
33ed60f2-d676-4f48-b8b6-df40db52fa84	POST /api/v1/category/createCategory    2023/03/06 23:29:45 
e9f2c6c7-d184-4468-960e-0136db57412b	POST /api/v1/category/createCategory    2023/03/06 23:29:47 
e8b58942-48c4-45f7-8446-79793ac29620	POST /api/v1/category/createCategory    2023/03/06 23:29:50 
8cd272f6-e0f7-49f0-9cf8-e436d1c9ceca	GET /ws    2023/03/06 23:29:55 
11632200-1999-44a9-b5ff-85f68987a584	POST /api/v1/book/addBook    2023/03/06 23:30:03 
25e40ed8-ced8-460d-a331-00fd295c9225	POST /api/v1/book/addBook    2023/03/06 23:30:19 
41d35b9a-1bf1-4e2d-b67f-20877ee05d11	GET /api/v1/category/getBookByCategory    2023/03/06 23:30:41 
ba964a74-5e58-4ed4-ac2d-7c1a75bb6bea	GET /ws    2023/03/06 23:32:04 
75b507a5-3182-4e05-a2f0-9e14eabbd62c	GET /api/v1/category/getBooksinCategoryById    2023/03/06 23:32:09 
dbf67252-590e-4b5e-8cc3-7ff027f49ed7	GET /api/v1/category/getBooksinCategoryById/64033ed753d3054e94ae9a57    2023/03/06 23:32:44 
756bd8cf-9910-4eb4-998e-71e1e6e3a918	GET /api/v1/category/getBooksinCategoryById/64033ed753d3054e94ae9a57    2023/03/06 23:32:45 
9b69576e-d916-47c9-9aa4-6da76be97022	GET /api/v1/category/getBooksinCategoryById/64033ed753d3054e94ae9a57    2023/03/06 23:32:46 
cd6fae98-2b5f-45a2-b759-b9f22ebbd753	GET /api/v1/category/getBooksInCategoryById/64033ed753d3054e94ae9a57    2023/03/06 23:33:02 
934f735f-caad-4d02-98d9-b85e33c7cfdf	GET /api/v1/category/getBooksInCategory/64033ed753d3054e94ae9a57    2023/03/06 23:33:16 
7cf9260c-0d8e-43ad-906a-270a0ef5e567	POST /api/v1/user/register    2023/03/06 23:34:24 
82b765ae-63dc-45e0-9b90-1864ebed29fc	POST /api/v1/user/login    2023/03/06 23:34:30 
1b0d09d9-93f1-4843-b2a6-5e4d1d27f67c	POST /api/v1/book/addBook    2023/03/06 23:34:47 
44aa74c3-22f2-4a35-ba17-d8a76df3f45b	POST /api/v1/book/addBook    2023/03/06 23:35:12 
ee86c9a9-1c43-40ca-acb9-d73c1fdcccae	POST /api/v1/book/addBook    2023/03/06 23:35:20 
09d61108-dac8-4f91-acba-c337303c3235	GET /api/v1/category/getBooksInCategory/64033ed753d3054e94ae9a57    2023/03/06 23:35:33 
dae71dbc-1088-4e99-956e-9917f4b46309	GET /api/v1/category/getBooksInCategory/64033ed753d3054e94ae9a57    2023/03/06 23:35:50 
12e5cf59-d47d-43f1-9c8a-dcad25475b18	GET /ws    2023/03/06 23:36:44 
